None of PyTorch, TensorFlow >= 2.0, or Flax have been found. Models won't be available and only tokenizers, configuration and file/data utilities can be used.
0it [00:00, ?it/s]ERROR:root:Attempt 1 failed: Error code: 401 - {'id': 'nvbx1fE-3NKUce-945e53bd5855fdb3', 'error': {'message': 'Invalid API key provided. You can find your API key at https://api.together.xyz/settings/api-keys.', 'type': 'invalid_request_error', 'param': None, 'code': 'invalid_api_key'}}
ERROR:root:Attempt 2 failed: Error code: 401 - {'id': 'nvbx3Ak-4Yz4kd-945e53e1aa1e4900', 'error': {'message': 'Invalid API key provided. You can find your API key at https://api.together.xyz/settings/api-keys.', 'type': 'invalid_request_error', 'param': None, 'code': 'invalid_api_key'}}
ERROR:root:Attempt 3 failed: Error code: 401 - {'id': 'nvbx4nZ-3NKUce-945e54048a7d4082', 'error': {'message': 'Invalid API key provided. You can find your API key at https://api.together.xyz/settings/api-keys.', 'type': 'invalid_request_error', 'param': None, 'code': 'invalid_api_key'}}
ERROR:root:Attempt 4 failed: Error code: 401 - {'id': 'nvbx6Mn-4Yz4kd-945e54266975f891', 'error': {'message': 'Invalid API key provided. You can find your API key at https://api.together.xyz/settings/api-keys.', 'type': 'invalid_request_error', 'param': None, 'code': 'invalid_api_key'}}
ERROR:root:Attempt 5 failed: Error code: 401 - {'id': 'nvbx82t-3NKUce-945e5447adc43de7', 'error': {'message': 'Invalid API key provided. You can find your API key at https://api.together.xyz/settings/api-keys.', 'type': 'invalid_request_error', 'param': None, 'code': 'invalid_api_key'}}
ERROR:root:Attempt 6 failed: Error code: 401 - {'id': 'nvbx9jk-3NKUce-945e546a6afecdfa', 'error': {'message': 'Invalid API key provided. You can find your API key at https://api.together.xyz/settings/api-keys.', 'type': 'invalid_request_error', 'param': None, 'code': 'invalid_api_key'}}
ERROR:root:Attempt 7 failed: Error code: 401 - {'id': 'nvbxBKi-3NKUce-945e548e39e88b8a', 'error': {'message': 'Invalid API key provided. You can find your API key at https://api.together.xyz/settings/api-keys.', 'type': 'invalid_request_error', 'param': None, 'code': 'invalid_api_key'}}
ERROR:root:Attempt 8 failed: Error code: 401 - {'id': 'nvbxCyg-3NKUce-945e54afbdb744b9', 'error': {'message': 'Invalid API key provided. You can find your API key at https://api.together.xyz/settings/api-keys.', 'type': 'invalid_request_error', 'param': None, 'code': 'invalid_api_key'}}
ERROR:root:Attempt 9 failed: Error code: 401 - {'id': 'nvbxEaJ-4Yz4kd-945e54d319c1c261', 'error': {'message': 'Invalid API key provided. You can find your API key at https://api.together.xyz/settings/api-keys.', 'type': 'invalid_request_error', 'param': None, 'code': 'invalid_api_key'}}
ERROR:root:Attempt 10 failed: Error code: 401 - {'id': 'nvbxGDY-4Yz4kd-945e54f45fdd9faa', 'error': {'message': 'Invalid API key provided. You can find your API key at https://api.together.xyz/settings/api-keys.', 'type': 'invalid_request_error', 'param': None, 'code': 'invalid_api_key'}}
ERROR:root:Attempt 11 failed: Error code: 401 - {'id': 'nvbxHt1-3NKUce-945e5516e896cf50', 'error': {'message': 'Invalid API key provided. You can find your API key at https://api.together.xyz/settings/api-keys.', 'type': 'invalid_request_error', 'param': None, 'code': 'invalid_api_key'}}
ERROR:root:Attempt 12 failed: Error code: 401 - {'id': 'nvbxKZZ-3NKUce-945e5539989a4094', 'error': {'message': 'Invalid API key provided. You can find your API key at https://api.together.xyz/settings/api-keys.', 'type': 'invalid_request_error', 'param': None, 'code': 'invalid_api_key'}}
ERROR:root:Attempt 13 failed: Error code: 401 - {'id': 'nvbxMC8-4Yz4kd-945e555cffbf9ccb', 'error': {'message': 'Invalid API key provided. You can find your API key at https://api.together.xyz/settings/api-keys.', 'type': 'invalid_request_error', 'param': None, 'code': 'invalid_api_key'}}
ERROR:root:Attempt 14 failed: Error code: 401 - {'id': 'nvbxNvn-3NKUce-945e557f8e23811b', 'error': {'message': 'Invalid API key provided. You can find your API key at https://api.together.xyz/settings/api-keys.', 'type': 'invalid_request_error', 'param': None, 'code': 'invalid_api_key'}}
ERROR:root:Attempt 15 failed: Error code: 401 - {'id': 'nvbxQW5-4Yz4kd-945e55a3a97d9e34', 'error': {'message': 'Invalid API key provided. You can find your API key at https://api.together.xyz/settings/api-keys.', 'type': 'invalid_request_error', 'param': None, 'code': 'invalid_api_key'}}
ERROR:root:Attempt 16 failed: Error code: 401 - {'id': 'nvbxS7s-3NKUce-945e55c51db3fcef', 'error': {'message': 'Invalid API key provided. You can find your API key at https://api.together.xyz/settings/api-keys.', 'type': 'invalid_request_error', 'param': None, 'code': 'invalid_api_key'}}
ERROR:root:Attempt 17 failed: Error code: 401 - {'id': 'nvbxThU-3NKUce-945e55e689403f88', 'error': {'message': 'Invalid API key provided. You can find your API key at https://api.together.xyz/settings/api-keys.', 'type': 'invalid_request_error', 'param': None, 'code': 'invalid_api_key'}}
ERROR:root:Attempt 18 failed: Error code: 401 - {'id': 'nvbxVHk-3NKUce-945e56080d8efdc7', 'error': {'message': 'Invalid API key provided. You can find your API key at https://api.together.xyz/settings/api-keys.', 'type': 'invalid_request_error', 'param': None, 'code': 'invalid_api_key'}}
ERROR:root:Attempt 19 failed: Error code: 401 - {'id': 'nvbxWz4-3NKUce-945e562978b6fcec', 'error': {'message': 'Invalid API key provided. You can find your API key at https://api.together.xyz/settings/api-keys.', 'type': 'invalid_request_error', 'param': None, 'code': 'invalid_api_key'}}
ERROR:root:Attempt 20 failed: Error code: 401 - {'id': 'nvbxYb8-4Yz4kd-945e564dd9defdcc', 'error': {'message': 'Invalid API key provided. You can find your API key at https://api.together.xyz/settings/api-keys.', 'type': 'invalid_request_error', 'param': None, 'code': 'invalid_api_key'}}
ERROR:root:Attempt 21 failed: Error code: 401 - {'id': 'nvbxaCP-3NKUce-945e566f2dfefd1a', 'error': {'message': 'Invalid API key provided. You can find your API key at https://api.together.xyz/settings/api-keys.', 'type': 'invalid_request_error', 'param': None, 'code': 'invalid_api_key'}}
ERROR:root:Attempt 22 failed: Error code: 401 - {'id': 'nvbxbnD-3NKUce-945e56909ed83912', 'error': {'message': 'Invalid API key provided. You can find your API key at https://api.together.xyz/settings/api-keys.', 'type': 'invalid_request_error', 'param': None, 'code': 'invalid_api_key'}}
ERROR:root:Attempt 23 failed: Error code: 401 - {'id': 'nvbxdHv-3NKUce-945e56b21f153df4', 'error': {'message': 'Invalid API key provided. You can find your API key at https://api.together.xyz/settings/api-keys.', 'type': 'invalid_request_error', 'param': None, 'code': 'invalid_api_key'}}
ERROR:root:Attempt 24 failed: Error code: 401 - {'id': 'nvbxfCU-3NKUce-945e56d4da2b2035', 'error': {'message': 'Invalid API key provided. You can find your API key at https://api.together.xyz/settings/api-keys.', 'type': 'invalid_request_error', 'param': None, 'code': 'invalid_api_key'}}
ERROR:root:Attempt 25 failed: Error code: 401 - {'id': 'nvbxggb-3NKUce-945e56fa293b5e5e', 'error': {'message': 'Invalid API key provided. You can find your API key at https://api.together.xyz/settings/api-keys.', 'type': 'invalid_request_error', 'param': None, 'code': 'invalid_api_key'}}
ERROR:root:Attempt 26 failed: Error code: 401 - {'id': 'nvbxiP3-4Yz4kd-945e571b9d429cb6', 'error': {'message': 'Invalid API key provided. You can find your API key at https://api.together.xyz/settings/api-keys.', 'type': 'invalid_request_error', 'param': None, 'code': 'invalid_api_key'}}
ERROR:root:Attempt 27 failed: Error code: 401 - {'id': 'nvbxk3A-4Yz4kd-945e573cfbd39f98', 'error': {'message': 'Invalid API key provided. You can find your API key at https://api.together.xyz/settings/api-keys.', 'type': 'invalid_request_error', 'param': None, 'code': 'invalid_api_key'}}
ERROR:root:Attempt 28 failed: Error code: 401 - {'id': 'nvbxmdv-3NKUce-945e575fdbd59cde', 'error': {'message': 'Invalid API key provided. You can find your API key at https://api.together.xyz/settings/api-keys.', 'type': 'invalid_request_error', 'param': None, 'code': 'invalid_api_key'}}
ERROR:root:Attempt 29 failed: Error code: 401 - {'id': 'nvbxoDe-4Yz4kd-945e57814d474a89', 'error': {'message': 'Invalid API key provided. You can find your API key at https://api.together.xyz/settings/api-keys.', 'type': 'invalid_request_error', 'param': None, 'code': 'invalid_api_key'}}
ERROR:root:Attempt 30 failed: Error code: 401 - {'id': 'nvbxpwD-3NKUce-945e57a2bc6ccdf5', 'error': {'message': 'Invalid API key provided. You can find your API key at https://api.together.xyz/settings/api-keys.', 'type': 'invalid_request_error', 'param': None, 'code': 'invalid_api_key'}}
ERROR:root:Attempt 31 failed: Error code: 401 - {'id': 'nvbxrWY-4Yz4kd-945e57c6ac60f8fb', 'error': {'message': 'Invalid API key provided. You can find your API key at https://api.together.xyz/settings/api-keys.', 'type': 'invalid_request_error', 'param': None, 'code': 'invalid_api_key'}}
ERROR:root:Attempt 32 failed: Error code: 401 - {'id': 'nvbxt7e-3NKUce-945e57e7eecbfd2d', 'error': {'message': 'Invalid API key provided. You can find your API key at https://api.together.xyz/settings/api-keys.', 'type': 'invalid_request_error', 'param': None, 'code': 'invalid_api_key'}}
ERROR:root:Attempt 33 failed: Error code: 401 - {'id': 'nvbxuVv-3NKUce-945e58098a07ce15', 'error': {'message': 'Invalid API key provided. You can find your API key at https://api.together.xyz/settings/api-keys.', 'type': 'invalid_request_error', 'param': None, 'code': 'invalid_api_key'}}
ERROR:root:Attempt 34 failed: Error code: 401 - {'id': 'nvbxwJ9-3NKUce-945e582b0e20834e', 'error': {'message': 'Invalid API key provided. You can find your API key at https://api.together.xyz/settings/api-keys.', 'type': 'invalid_request_error', 'param': None, 'code': 'invalid_api_key'}}
ERROR:root:Attempt 35 failed: Error code: 401 - {'id': 'nvbxxuK-3NKUce-945e584cba46fd90', 'error': {'message': 'Invalid API key provided. You can find your API key at https://api.together.xyz/settings/api-keys.', 'type': 'invalid_request_error', 'param': None, 'code': 'invalid_api_key'}}
ERROR:root:Attempt 36 failed: Error code: 401 - {'id': 'nvbxzFG-3NKUce-945e586e3aa08336', 'error': {'message': 'Invalid API key provided. You can find your API key at https://api.together.xyz/settings/api-keys.', 'type': 'invalid_request_error', 'param': None, 'code': 'invalid_api_key'}}
ERROR:root:Attempt 37 failed: Error code: 401 - {'id': 'nvby25v-4Yz4kd-945e588faacec6e5', 'error': {'message': 'Invalid API key provided. You can find your API key at https://api.together.xyz/settings/api-keys.', 'type': 'invalid_request_error', 'param': None, 'code': 'invalid_api_key'}}
ERROR:root:Attempt 38 failed: Error code: 401 - {'id': 'nvby3gc-3NKUce-945e58b15e8587a7', 'error': {'message': 'Invalid API key provided. You can find your API key at https://api.together.xyz/settings/api-keys.', 'type': 'invalid_request_error', 'param': None, 'code': 'invalid_api_key'}}
ERROR:root:Attempt 39 failed: Error code: 401 - {'id': 'nvby5ME-4Yz4kd-945e58d2cc99898e', 'error': {'message': 'Invalid API key provided. You can find your API key at https://api.together.xyz/settings/api-keys.', 'type': 'invalid_request_error', 'param': None, 'code': 'invalid_api_key'}}
ERROR:root:Attempt 40 failed: Error code: 401 - {'id': 'nvby6wm-3NKUce-945e58f5dddffce0', 'error': {'message': 'Invalid API key provided. You can find your API key at https://api.together.xyz/settings/api-keys.', 'type': 'invalid_request_error', 'param': None, 'code': 'invalid_api_key'}}
ERROR:root:Attempt 41 failed: Error code: 401 - {'id': 'nvby8XX-4Yz4kd-945e5917586aa8e3', 'error': {'message': 'Invalid API key provided. You can find your API key at https://api.together.xyz/settings/api-keys.', 'type': 'invalid_request_error', 'param': None, 'code': 'invalid_api_key'}}
ERROR:root:Attempt 42 failed: Error code: 401 - {'id': 'nvbyA8o-4Yz4kd-945e5938ae4e40ef', 'error': {'message': 'Invalid API key provided. You can find your API key at https://api.together.xyz/settings/api-keys.', 'type': 'invalid_request_error', 'param': None, 'code': 'invalid_api_key'}}
ERROR:root:Attempt 43 failed: Error code: 401 - {'id': 'nvbyBiy-4Yz4kd-945e595a9f11f87e', 'error': {'message': 'Invalid API key provided. You can find your API key at https://api.together.xyz/settings/api-keys.', 'type': 'invalid_request_error', 'param': None, 'code': 'invalid_api_key'}}
ERROR:root:Attempt 44 failed: Error code: 401 - {'id': 'nvbyDKw-3NKUce-945e597c1b5f5d5e', 'error': {'message': 'Invalid API key provided. You can find your API key at https://api.together.xyz/settings/api-keys.', 'type': 'invalid_request_error', 'param': None, 'code': 'invalid_api_key'}}
ERROR:root:Attempt 45 failed: Error code: 401 - {'id': 'nvbyF2X-4Yz4kd-945e599dbb0535a4', 'error': {'message': 'Invalid API key provided. You can find your API key at https://api.together.xyz/settings/api-keys.', 'type': 'invalid_request_error', 'param': None, 'code': 'invalid_api_key'}}
ERROR:root:Attempt 46 failed: Error code: 401 - {'id': 'nvbyGci-3NKUce-945e59c14dd1ce6e', 'error': {'message': 'Invalid API key provided. You can find your API key at https://api.together.xyz/settings/api-keys.', 'type': 'invalid_request_error', 'param': None, 'code': 'invalid_api_key'}}
ERROR:root:Attempt 47 failed: Error code: 401 - {'id': 'nvbyHtr-3NKUce-945e59e2cc9dfdbc', 'error': {'message': 'Invalid API key provided. You can find your API key at https://api.together.xyz/settings/api-keys.', 'type': 'invalid_request_error', 'param': None, 'code': 'invalid_api_key'}}
ERROR:root:Attempt 48 failed: Error code: 401 - {'id': 'nvbyKo8-4Yz4kd-945e5a0459f2b486', 'error': {'message': 'Invalid API key provided. You can find your API key at https://api.together.xyz/settings/api-keys.', 'type': 'invalid_request_error', 'param': None, 'code': 'invalid_api_key'}}
ERROR:root:Attempt 49 failed: Error code: 401 - {'id': 'nvbyMPP-3NKUce-945e5a259e383e01', 'error': {'message': 'Invalid API key provided. You can find your API key at https://api.together.xyz/settings/api-keys.', 'type': 'invalid_request_error', 'param': None, 'code': 'invalid_api_key'}}
ERROR:root:Attempt 50 failed: Error code: 401 - {'id': 'nvbyNyX-4Yz4kd-945e5a472ee58249', 'error': {'message': 'Invalid API key provided. You can find your API key at https://api.together.xyz/settings/api-keys.', 'type': 'invalid_request_error', 'param': None, 'code': 'invalid_api_key'}}
ERROR:root:Attempt 51 failed: Error code: 401 - {'id': 'nvbyQdP-4Yz4kd-945e5a686ed1ce05', 'error': {'message': 'Invalid API key provided. You can find your API key at https://api.together.xyz/settings/api-keys.', 'type': 'invalid_request_error', 'param': None, 'code': 'invalid_api_key'}}
ERROR:root:Attempt 52 failed: Error code: 401 - {'id': 'nvbySDN-3NKUce-945e5a8b2fd07e2e', 'error': {'message': 'Invalid API key provided. You can find your API key at https://api.together.xyz/settings/api-keys.', 'type': 'invalid_request_error', 'param': None, 'code': 'invalid_api_key'}}
ERROR:root:Attempt 53 failed: Error code: 401 - {'id': 'nvbyTou-4Yz4kd-945e5aacabe3f8d4', 'error': {'message': 'Invalid API key provided. You can find your API key at https://api.together.xyz/settings/api-keys.', 'type': 'invalid_request_error', 'param': None, 'code': 'invalid_api_key'}}
ERROR:root:Attempt 54 failed: Error code: 401 - {'id': 'nvbyVPj-4Yz4kd-945e5ace1a18fd8b', 'error': {'message': 'Invalid API key provided. You can find your API key at https://api.together.xyz/settings/api-keys.', 'type': 'invalid_request_error', 'param': None, 'code': 'invalid_api_key'}}
ERROR:root:Attempt 55 failed: Error code: 401 - {'id': 'nvbyWrn-3NKUce-945e5aef6eb83fdb', 'error': {'message': 'Invalid API key provided. You can find your API key at https://api.together.xyz/settings/api-keys.', 'type': 'invalid_request_error', 'param': None, 'code': 'invalid_api_key'}}
ERROR:root:Attempt 56 failed: Error code: 401 - {'id': 'nvbyYTq-3NKUce-945e5b110b0b3fb9', 'error': {'message': 'Invalid API key provided. You can find your API key at https://api.together.xyz/settings/api-keys.', 'type': 'invalid_request_error', 'param': None, 'code': 'invalid_api_key'}}
ERROR:root:Attempt 57 failed: Error code: 401 - {'id': 'nvbyaEf-3NKUce-945e5b329d785ce5', 'error': {'message': 'Invalid API key provided. You can find your API key at https://api.together.xyz/settings/api-keys.', 'type': 'invalid_request_error', 'param': None, 'code': 'invalid_api_key'}}
ERROR:root:Attempt 58 failed: Error code: 401 - {'id': 'nvbybqW-4Yz4kd-945e5b5588eb4c71', 'error': {'message': 'Invalid API key provided. You can find your API key at https://api.together.xyz/settings/api-keys.', 'type': 'invalid_request_error', 'param': None, 'code': 'invalid_api_key'}}
ERROR:root:Attempt 59 failed: Error code: 401 - {'id': 'nvbydUw-4Yz4kd-945e5b76e9e7f910', 'error': {'message': 'Invalid API key provided. You can find your API key at https://api.together.xyz/settings/api-keys.', 'type': 'invalid_request_error', 'param': None, 'code': 'invalid_api_key'}}
ERROR:root:Attempt 60 failed: Error code: 401 - {'id': 'nvbyfA3-3NKUce-945e5b99c8a0ce49', 'error': {'message': 'Invalid API key provided. You can find your API key at https://api.together.xyz/settings/api-keys.', 'type': 'invalid_request_error', 'param': None, 'code': 'invalid_api_key'}}
ERROR:root:Attempt 61 failed: Error code: 401 - {'id': 'nvbygpb-3NKUce-945e5bbc5c5f4d81', 'error': {'message': 'Invalid API key provided. You can find your API key at https://api.together.xyz/settings/api-keys.', 'type': 'invalid_request_error', 'param': None, 'code': 'invalid_api_key'}}
ERROR:root:Attempt 62 failed: Error code: 401 - {'id': 'nvbyiPV-4Yz4kd-945e5bdf4d819e3b', 'error': {'message': 'Invalid API key provided. You can find your API key at https://api.together.xyz/settings/api-keys.', 'type': 'invalid_request_error', 'param': None, 'code': 'invalid_api_key'}}
ERROR:root:Attempt 63 failed: Error code: 401 - {'id': 'nvbyjyE-3NKUce-945e5c009efbfd40', 'error': {'message': 'Invalid API key provided. You can find your API key at https://api.together.xyz/settings/api-keys.', 'type': 'invalid_request_error', 'param': None, 'code': 'invalid_api_key'}}
ERROR:root:Attempt 64 failed: Error code: 401 - {'id': 'nvbymZN-3NKUce-945e5c2218affc0c', 'error': {'message': 'Invalid API key provided. You can find your API key at https://api.together.xyz/settings/api-keys.', 'type': 'invalid_request_error', 'param': None, 'code': 'invalid_api_key'}}
ERROR:root:Attempt 65 failed: Error code: 401 - {'id': 'nvbyoKT-3NKUce-945e5c43989bfd0e', 'error': {'message': 'Invalid API key provided. You can find your API key at https://api.together.xyz/settings/api-keys.', 'type': 'invalid_request_error', 'param': None, 'code': 'invalid_api_key'}}
ERROR:root:Attempt 66 failed: Error code: 401 - {'id': 'nvbyptG-4Yz4kd-945e5c67cb8a5ce2', 'error': {'message': 'Invalid API key provided. You can find your API key at https://api.together.xyz/settings/api-keys.', 'type': 'invalid_request_error', 'param': None, 'code': 'invalid_api_key'}}
ERROR:root:Attempt 67 failed: Error code: 401 - {'id': 'nvbyrTW-3NKUce-945e5c892c2098ed', 'error': {'message': 'Invalid API key provided. You can find your API key at https://api.together.xyz/settings/api-keys.', 'type': 'invalid_request_error', 'param': None, 'code': 'invalid_api_key'}}
ERROR:root:Attempt 68 failed: Error code: 401 - {'id': 'nvbyt86-4Yz4kd-945e5caaac56ce3a', 'error': {'message': 'Invalid API key provided. You can find your API key at https://api.together.xyz/settings/api-keys.', 'type': 'invalid_request_error', 'param': None, 'code': 'invalid_api_key'}}
ERROR:root:Attempt 69 failed: Error code: 401 - {'id': 'nvbyutM-3NKUce-945e5ccd3cb69fd4', 'error': {'message': 'Invalid API key provided. You can find your API key at https://api.together.xyz/settings/api-keys.', 'type': 'invalid_request_error', 'param': None, 'code': 'invalid_api_key'}}
ERROR:root:Attempt 70 failed: Error code: 401 - {'id': 'nvbywi3-3NKUce-945e5cf28eea1d6d', 'error': {'message': 'Invalid API key provided. You can find your API key at https://api.together.xyz/settings/api-keys.', 'type': 'invalid_request_error', 'param': None, 'code': 'invalid_api_key'}}
ERROR:root:Attempt 71 failed: Error code: 401 - {'id': 'nvbyyN6-3NKUce-945e5d17ba7df8da', 'error': {'message': 'Invalid API key provided. You can find your API key at https://api.together.xyz/settings/api-keys.', 'type': 'invalid_request_error', 'param': None, 'code': 'invalid_api_key'}}
ERROR:root:Attempt 72 failed: Error code: 401 - {'id': 'nvbz18g-3NKUce-945e5d3bcf4097fb', 'error': {'message': 'Invalid API key provided. You can find your API key at https://api.together.xyz/settings/api-keys.', 'type': 'invalid_request_error', 'param': None, 'code': 'invalid_api_key'}}
ERROR:root:Attempt 73 failed: Error code: 401 - {'id': 'nvbz2ro-3NKUce-945e5d5d49ca4709', 'error': {'message': 'Invalid API key provided. You can find your API key at https://api.together.xyz/settings/api-keys.', 'type': 'invalid_request_error', 'param': None, 'code': 'invalid_api_key'}}
ERROR:root:Attempt 74 failed: Error code: 401 - {'id': 'nvbz4HG-4Yz4kd-945e5d818f1bab4d', 'error': {'message': 'Invalid API key provided. You can find your API key at https://api.together.xyz/settings/api-keys.', 'type': 'invalid_request_error', 'param': None, 'code': 'invalid_api_key'}}
ERROR:root:Attempt 75 failed: Error code: 401 - {'id': 'nvbz5y9-4Yz4kd-945e5da2cdb9f8d4', 'error': {'message': 'Invalid API key provided. You can find your API key at https://api.together.xyz/settings/api-keys.', 'type': 'invalid_request_error', 'param': None, 'code': 'invalid_api_key'}}
ERROR:root:Attempt 76 failed: Error code: 401 - {'id': 'nvbz7fF-3NKUce-945e5dc64d4cff8f', 'error': {'message': 'Invalid API key provided. You can find your API key at https://api.together.xyz/settings/api-keys.', 'type': 'invalid_request_error', 'param': None, 'code': 'invalid_api_key'}}
ERROR:root:Attempt 77 failed: Error code: 401 - {'id': 'nvbz9QX-3NKUce-945e5deab95af8c6', 'error': {'message': 'Invalid API key provided. You can find your API key at https://api.together.xyz/settings/api-keys.', 'type': 'invalid_request_error', 'param': None, 'code': 'invalid_api_key'}}
ERROR:root:Attempt 78 failed: Error code: 401 - {'id': 'nvbzAza-3NKUce-945e5e0f0ac5fd3b', 'error': {'message': 'Invalid API key provided. You can find your API key at https://api.together.xyz/settings/api-keys.', 'type': 'invalid_request_error', 'param': None, 'code': 'invalid_api_key'}}
ERROR:root:Attempt 79 failed: Error code: 401 - {'id': 'nvbzCcB-4Yz4kd-945e5e308ef3f8fc', 'error': {'message': 'Invalid API key provided. You can find your API key at https://api.together.xyz/settings/api-keys.', 'type': 'invalid_request_error', 'param': None, 'code': 'invalid_api_key'}}
ERROR:root:Attempt 80 failed: Error code: 401 - {'id': 'nvbzECB-4Yz4kd-945e5e51ffa0f892', 'error': {'message': 'Invalid API key provided. You can find your API key at https://api.together.xyz/settings/api-keys.', 'type': 'invalid_request_error', 'param': None, 'code': 'invalid_api_key'}}
ERROR:root:Attempt 81 failed: Error code: 401 - {'id': 'nvbzFmi-3NKUce-945e5e734e66ce2e', 'error': {'message': 'Invalid API key provided. You can find your API key at https://api.together.xyz/settings/api-keys.', 'type': 'invalid_request_error', 'param': None, 'code': 'invalid_api_key'}}
ERROR:root:Attempt 82 failed: Error code: 401 - {'id': 'nvbzHSJ-4Yz4kd-945e5e94fc82fe8a', 'error': {'message': 'Invalid API key provided. You can find your API key at https://api.together.xyz/settings/api-keys.', 'type': 'invalid_request_error', 'param': None, 'code': 'invalid_api_key'}}
ERROR:root:Attempt 83 failed: Error code: 401 - {'id': 'nvbzJtj-3NKUce-945e5eb78b6efd25', 'error': {'message': 'Invalid API key provided. You can find your API key at https://api.together.xyz/settings/api-keys.', 'type': 'invalid_request_error', 'param': None, 'code': 'invalid_api_key'}}
ERROR:root:Attempt 84 failed: Error code: 401 - {'id': 'nvbzLkX-4Yz4kd-945e5ed90926a047', 'error': {'message': 'Invalid API key provided. You can find your API key at https://api.together.xyz/settings/api-keys.', 'type': 'invalid_request_error', 'param': None, 'code': 'invalid_api_key'}}
ERROR:root:Attempt 85 failed: Error code: 401 - {'id': 'nvbzNLu-3NKUce-945e5efd1f234da7', 'error': {'message': 'Invalid API key provided. You can find your API key at https://api.together.xyz/settings/api-keys.', 'type': 'invalid_request_error', 'param': None, 'code': 'invalid_api_key'}}
ERROR:root:Attempt 86 failed: Error code: 401 - {'id': 'nvbzPxx-3NKUce-945e5f1fef774c8f', 'error': {'message': 'Invalid API key provided. You can find your API key at https://api.together.xyz/settings/api-keys.', 'type': 'invalid_request_error', 'param': None, 'code': 'invalid_api_key'}}
ERROR:root:Attempt 87 failed: Error code: 401 - {'id': 'nvbzRaZ-4Yz4kd-945e5f416cfefd6c', 'error': {'message': 'Invalid API key provided. You can find your API key at https://api.together.xyz/settings/api-keys.', 'type': 'invalid_request_error', 'param': None, 'code': 'invalid_api_key'}}
ERROR:root:Attempt 88 failed: Error code: 401 - {'id': 'nvbzTL3-3NKUce-945e5f62ad3c831f', 'error': {'message': 'Invalid API key provided. You can find your API key at https://api.together.xyz/settings/api-keys.', 'type': 'invalid_request_error', 'param': None, 'code': 'invalid_api_key'}}
ERROR:root:Attempt 89 failed: Error code: 401 - {'id': 'nvbzV5i-3NKUce-945e5f882820fd0b', 'error': {'message': 'Invalid API key provided. You can find your API key at https://api.together.xyz/settings/api-keys.', 'type': 'invalid_request_error', 'param': None, 'code': 'invalid_api_key'}}
ERROR:root:Attempt 90 failed: Error code: 401 - {'id': 'nvbzWjZ-3NKUce-945e5faecc8fcdfd', 'error': {'message': 'Invalid API key provided. You can find your API key at https://api.together.xyz/settings/api-keys.', 'type': 'invalid_request_error', 'param': None, 'code': 'invalid_api_key'}}
ERROR:root:Attempt 91 failed: Error code: 401 - {'id': 'nvbzYRu-4Yz4kd-945e5fd16bdcec69', 'error': {'message': 'Invalid API key provided. You can find your API key at https://api.together.xyz/settings/api-keys.', 'type': 'invalid_request_error', 'param': None, 'code': 'invalid_api_key'}}
ERROR:root:Attempt 92 failed: Error code: 401 - {'id': 'nvbza2Q-4Yz4kd-945e5ff2bca4f8d0', 'error': {'message': 'Invalid API key provided. You can find your API key at https://api.together.xyz/settings/api-keys.', 'type': 'invalid_request_error', 'param': None, 'code': 'invalid_api_key'}}
ERROR:root:Attempt 93 failed: Error code: 401 - {'id': 'nvbzbfq-4Yz4kd-945e6014394a6047', 'error': {'message': 'Invalid API key provided. You can find your API key at https://api.together.xyz/settings/api-keys.', 'type': 'invalid_request_error', 'param': None, 'code': 'invalid_api_key'}}
ERROR:root:Attempt 94 failed: Error code: 401 - {'id': 'nvbzdE9-3NKUce-945e6036ca6bfd06', 'error': {'message': 'Invalid API key provided. You can find your API key at https://api.together.xyz/settings/api-keys.', 'type': 'invalid_request_error', 'param': None, 'code': 'invalid_api_key'}}
ERROR:root:Attempt 95 failed: Error code: 401 - {'id': 'nvbzer1-4Yz4kd-945e60583fb1f9e6', 'error': {'message': 'Invalid API key provided. You can find your API key at https://api.together.xyz/settings/api-keys.', 'type': 'invalid_request_error', 'param': None, 'code': 'invalid_api_key'}}
ERROR:root:Attempt 96 failed: Error code: 401 - {'id': 'nvbzgTH-3NKUce-945e60798f5c4b8c', 'error': {'message': 'Invalid API key provided. You can find your API key at https://api.together.xyz/settings/api-keys.', 'type': 'invalid_request_error', 'param': None, 'code': 'invalid_api_key'}}
ERROR:root:Attempt 97 failed: Error code: 401 - {'id': 'nvbzi72-3NKUce-945e609c3b22eb9d', 'error': {'message': 'Invalid API key provided. You can find your API key at https://api.together.xyz/settings/api-keys.', 'type': 'invalid_request_error', 'param': None, 'code': 'invalid_api_key'}}
ERROR:root:Attempt 98 failed: Error code: 401 - {'id': 'nvbzjp2-4Yz4kd-945e60bf5dc63fab', 'error': {'message': 'Invalid API key provided. You can find your API key at https://api.together.xyz/settings/api-keys.', 'type': 'invalid_request_error', 'param': None, 'code': 'invalid_api_key'}}
ERROR:root:Attempt 99 failed: Error code: 401 - {'id': 'nvbzmPk-4Yz4kd-945e60e1ef17ce8b', 'error': {'message': 'Invalid API key provided. You can find your API key at https://api.together.xyz/settings/api-keys.', 'type': 'invalid_request_error', 'param': None, 'code': 'invalid_api_key'}}
ERROR:root:Attempt 100 failed: Error code: 401 - {'id': 'nvbznvu-3NKUce-945e61033954fd28', 'error': {'message': 'Invalid API key provided. You can find your API key at https://api.together.xyz/settings/api-keys.', 'type': 'invalid_request_error', 'param': None, 'code': 'invalid_api_key'}}
ERROR:root:Retrying in 5 seconds...
ERROR:root:Retrying in 5 seconds...
ERROR:root:Retrying in 5 seconds...
ERROR:root:Retrying in 5 seconds...
ERROR:root:Retrying in 5 seconds...
ERROR:root:Retrying in 5 seconds...
ERROR:root:Retrying in 5 seconds...
ERROR:root:Retrying in 5 seconds...
ERROR:root:Retrying in 5 seconds...
ERROR:root:Retrying in 5 seconds...
ERROR:root:Retrying in 5 seconds...
ERROR:root:Retrying in 5 seconds...
ERROR:root:Retrying in 5 seconds...
ERROR:root:Retrying in 5 seconds...
ERROR:root:Retrying in 5 seconds...
ERROR:root:Retrying in 5 seconds...
ERROR:root:Retrying in 5 seconds...
ERROR:root:Retrying in 5 seconds...
ERROR:root:Retrying in 5 seconds...
ERROR:root:Retrying in 5 seconds...
Conversation 3166
Retrying in 5 seconds...
Retrying in 5 seconds...
Retrying in 5 seconds...
Retrying in 5 seconds...
Retrying in 5 seconds...
Retrying in 5 seconds...
Retrying in 5 seconds...
Retrying in 5 seconds...
Retrying in 5 seconds...
Retrying in 5 seconds...
Retrying in 5 seconds...
Retrying in 5 seconds...
Retrying in 5 seconds...
Retrying in 5 seconds...
Retrying in 5 seconds...
Retrying in 5 seconds...
Retrying in 5 seconds...
Retrying in 5 seconds...
Retrying in 5 seconds...
Retrying in 5 seconds...
Retrying in 5 seconds...
Retrying in 5 seconds...
Retrying in 5 seconds...
Retrying in 5 seconds...
Retrying in 5 seconds...
Retrying in 5 seconds...
Retrying in 5 seconds...
Retrying in 5 seconds...
Retrying in 5 seconds...
Retrying in 5 seconds...
Retrying in 5 seconds...
Retrying in 5 seconds...
Retrying in 5 seconds...
Retrying in 5 seconds...
Retrying in 5 seconds...
Retrying in 5 seconds...
Retrying in 5 seconds...
Retrying in 5 seconds...
Retrying in 5 seconds...
Retrying in 5 seconds...
Retrying in 5 seconds...
Retrying in 5 seconds...
Retrying in 5 seconds...
Retrying in 5 seconds...
Retrying in 5 seconds...
Retrying in 5 seconds...
Retrying in 5 seconds...
Retrying in 5 seconds...
Retrying in 5 seconds...
Retrying in 5 seconds...
Retrying in 5 seconds...
Retrying in 5 seconds...
Retrying in 5 seconds...
Retrying in 5 seconds...
Retrying in 5 seconds...
Retrying in 5 seconds...
Retrying in 5 seconds...
Retrying in 5 seconds...
Retrying in 5 seconds...
Retrying in 5 seconds...
Retrying in 5 seconds...
Retrying in 5 seconds...
Retrying in 5 seconds...
Retrying in 5 seconds...
Retrying in 5 seconds...
Retrying in 5 seconds...
Retrying in 5 seconds...
Retrying in 5 seconds...
Retrying in 5 seconds...
Retrying in 5 seconds...
Retrying in 5 seconds...
Retrying in 5 seconds...
Retrying in 5 seconds...
Retrying in 5 seconds...
Retrying in 5 seconds...
Retrying in 5 seconds...
Retrying in 5 seconds...
Retrying in 5 seconds...
Retrying in 5 seconds...
Retrying in 5 seconds...
Retrying in 5 seconds...
Retrying in 5 seconds...
Retrying in 5 seconds...
Retrying in 5 seconds...
Retrying in 5 seconds...
Retrying in 5 seconds...
Retrying in 5 seconds...
Retrying in 5 seconds...
Retrying in 5 seconds...
Retrying in 5 seconds...
Retrying in 5 seconds...
Retrying in 5 seconds...
Retrying in 5 seconds...
Retrying in 5 seconds...
Retrying in 5 seconds...
Retrying in 5 seconds...
Retrying in 5 seconds...
Retrying in 5 seconds...
Retrying in 5 seconds...
All retries failed, returning fallback response
Done summarizing
Attempt 1 failed: Error code: 401 - {'id': 'nvbzoiW-4Yz4kd-945e6112ae8cfcfa', 'error': {'message': 'Invalid API key provided. You can find your API key at https://api.together.xyz/settings/api-keys.', 'type': 'invalid_request_error', 'param': None, 'code': 'invalid_api_key'}}
Attempt 2 failed: Error code: 401 - {'id': 'nvbzqV5-3NKUce-945e61387deacdf9', 'error': {'message': 'Invalid API key provided. You can find your API key at https://api.together.xyz/settings/api-keys.', 'type': 'invalid_request_error', 'param': None, 'code': 'invalid_api_key'}}
Attempt 3 failed: Error code: 401 - {'id': 'nvbzsKh-3NKUce-945e615e79e512b0', 'error': {'message': 'Invalid API key provided. You can find your API key at https://api.together.xyz/settings/api-keys.', 'type': 'invalid_request_error', 'param': None, 'code': 'invalid_api_key'}}
Attempt 4 failed: Error code: 401 - {'id': 'nvbzuGN-3NKUce-945e61888820898e', 'error': {'message': 'Invalid API key provided. You can find your API key at https://api.together.xyz/settings/api-keys.', 'type': 'invalid_request_error', 'param': None, 'code': 'invalid_api_key'}}
Attempt 5 failed: Error code: 401 - {'id': 'nvbzwHA-3NKUce-945e61afeac59cee', 'error': {'message': 'Invalid API key provided. You can find your API key at https://api.together.xyz/settings/api-keys.', 'type': 'invalid_request_error', 'param': None, 'code': 'invalid_api_key'}}
Attempt 6 failed: Error code: 401 - {'id': 'nvbzy6h-3NKUce-945e61d8bbb54088', 'error': {'message': 'Invalid API key provided. You can find your API key at https://api.together.xyz/settings/api-keys.', 'type': 'invalid_request_error', 'param': None, 'code': 'invalid_api_key'}}
Attempt 7 failed: Error code: 401 - {'id': 'nvc111L-3NKUce-945e61fecafffcee', 'error': {'message': 'Invalid API key provided. You can find your API key at https://api.together.xyz/settings/api-keys.', 'type': 'invalid_request_error', 'param': None, 'code': 'invalid_api_key'}}
Attempt 8 failed: Error code: 401 - {'id': 'nvc12pJ-3NKUce-945e6225a8225c35', 'error': {'message': 'Invalid API key provided. You can find your API key at https://api.together.xyz/settings/api-keys.', 'type': 'invalid_request_error', 'param': None, 'code': 'invalid_api_key'}}
Attempt 9 failed: Error code: 401 - {'id': 'nvc14oS-4Yz4kd-945e624d5cb80a9d', 'error': {'message': 'Invalid API key provided. You can find your API key at https://api.together.xyz/settings/api-keys.', 'type': 'invalid_request_error', 'param': None, 'code': 'invalid_api_key'}}
Attempt 10 failed: Error code: 401 - {'id': 'nvc16cC-4Yz4kd-945e6275884c40c5', 'error': {'message': 'Invalid API key provided. You can find your API key at https://api.together.xyz/settings/api-keys.', 'type': 'invalid_request_error', 'param': None, 'code': 'invalid_api_key'}}
Attempt 11 failed: Error code: 401 - {'id': 'nvc18Wn-3NKUce-945e629bff404a83', 'error': {'message': 'Invalid API key provided. You can find your API key at https://api.together.xyz/settings/api-keys.', 'type': 'invalid_request_error', 'param': None, 'code': 'invalid_api_key'}}
Attempt 12 failed: Error code: 401 - {'id': 'nvc1ALP-3NKUce-945e62c38ab1ce45', 'error': {'message': 'Invalid API key provided. You can find your API key at https://api.together.xyz/settings/api-keys.', 'type': 'invalid_request_error', 'param': None, 'code': 'invalid_api_key'}}
Attempt 13 failed: Error code: 401 - {'id': 'nvc1CAq-4Yz4kd-945e62eaa8c6fd81', 'error': {'message': 'Invalid API key provided. You can find your API key at https://api.together.xyz/settings/api-keys.', 'type': 'invalid_request_error', 'param': None, 'code': 'invalid_api_key'}}
Attempt 14 failed: Error code: 401 - {'id': 'nvc1E5V-3NKUce-945e63125db440fb', 'error': {'message': 'Invalid API key provided. You can find your API key at https://api.together.xyz/settings/api-keys.', 'type': 'invalid_request_error', 'param': None, 'code': 'invalid_api_key'}}
Attempt 15 failed: Error code: 401 - {'id': 'nvc1Fwd-4Yz4kd-945e63384eeb658e', 'error': {'message': 'Invalid API key provided. You can find your API key at https://api.together.xyz/settings/api-keys.', 'type': 'invalid_request_error', 'param': None, 'code': 'invalid_api_key'}}
Attempt 16 failed: Error code: 401 - {'id': 'nvc1Hok-4Yz4kd-945e635ff956ff81', 'error': {'message': 'Invalid API key provided. You can find your API key at https://api.together.xyz/settings/api-keys.', 'type': 'invalid_request_error', 'param': None, 'code': 'invalid_api_key'}}
Attempt 17 failed: Error code: 401 - {'id': 'nvc1Kiy-3NKUce-945e6386fc504110', 'error': {'message': 'Invalid API key provided. You can find your API key at https://api.together.xyz/settings/api-keys.', 'type': 'invalid_request_error', 'param': None, 'code': 'invalid_api_key'}}
Attempt 18 failed: Error code: 401 - {'id': 'nvc1MXy-3NKUce-945e63af8abfff83', 'error': {'message': 'Invalid API key provided. You can find your API key at https://api.together.xyz/settings/api-keys.', 'type': 'invalid_request_error', 'param': None, 'code': 'invalid_api_key'}}
Attempt 19 failed: Error code: 401 - {'id': 'nvc1PPY-4Yz4kd-945e63d669cd821c', 'error': {'message': 'Invalid API key provided. You can find your API key at https://api.together.xyz/settings/api-keys.', 'type': 'invalid_request_error', 'param': None, 'code': 'invalid_api_key'}}
Attempt 20 failed: Error code: 401 - {'id': 'nvc1RB2-3NKUce-945e63fc6c5946c1', 'error': {'message': 'Invalid API key provided. You can find your API key at https://api.together.xyz/settings/api-keys.', 'type': 'invalid_request_error', 'param': None, 'code': 'invalid_api_key'}}
Attempt 21 failed: Error code: 401 - {'id': 'nvc1Sy4-3NKUce-945e64226c1bfd3a', 'error': {'message': 'Invalid API key provided. You can find your API key at https://api.together.xyz/settings/api-keys.', 'type': 'invalid_request_error', 'param': None, 'code': 'invalid_api_key'}}ERROR:root:Retrying in 5 seconds...
ERROR:root:Retrying in 5 seconds...
ERROR:root:Retrying in 5 seconds...
ERROR:root:Retrying in 5 seconds...
ERROR:root:Retrying in 5 seconds...
ERROR:root:Retrying in 5 seconds...
ERROR:root:Retrying in 5 seconds...
ERROR:root:Retrying in 5 seconds...
ERROR:root:Retrying in 5 seconds...
ERROR:root:Retrying in 5 seconds...
ERROR:root:Retrying in 5 seconds...
ERROR:root:Retrying in 5 seconds...
ERROR:root:Retrying in 5 seconds...
ERROR:root:Retrying in 5 seconds...
ERROR:root:Retrying in 5 seconds...
ERROR:root:Retrying in 5 seconds...
ERROR:root:Retrying in 5 seconds...
ERROR:root:Retrying in 5 seconds...
ERROR:root:Retrying in 5 seconds...
ERROR:root:Retrying in 5 seconds...
ERROR:root:Retrying in 5 seconds...
ERROR:root:Retrying in 5 seconds...
ERROR:root:Retrying in 5 seconds...
ERROR:root:Retrying in 5 seconds...
ERROR:root:Retrying in 5 seconds...
ERROR:root:Retrying in 5 seconds...
ERROR:root:Retrying in 5 seconds...
ERROR:root:Retrying in 5 seconds...
ERROR:root:Retrying in 5 seconds...
ERROR:root:Retrying in 5 seconds...

Attempt 22 failed: Error code: 401 - {'id': 'nvc1UoQ-4Yz4kd-945e64485c42a146', 'error': {'message': 'Invalid API key provided. You can find your API key at https://api.together.xyz/settings/api-keys.', 'type': 'invalid_request_error', 'param': None, 'code': 'invalid_api_key'}}
Attempt 23 failed: Error code: 401 - {'id': 'nvc1WZt-3NKUce-945e646e2e06cdda', 'error': {'message': 'Invalid API key provided. You can find your API key at https://api.together.xyz/settings/api-keys.', 'type': 'invalid_request_error', 'param': None, 'code': 'invalid_api_key'}}
Attempt 24 failed: Error code: 401 - {'id': 'nvc1YNe-3NKUce-945e649429324bfe', 'error': {'message': 'Invalid API key provided. You can find your API key at https://api.together.xyz/settings/api-keys.', 'type': 'invalid_request_error', 'param': None, 'code': 'invalid_api_key'}}
Attempt 25 failed: Error code: 401 - {'id': 'nvc1aCY-4Yz4kd-945e64b9f918a24f', 'error': {'message': 'Invalid API key provided. You can find your API key at https://api.together.xyz/settings/api-keys.', 'type': 'invalid_request_error', 'param': None, 'code': 'invalid_api_key'}}
Attempt 26 failed: Error code: 401 - {'id': 'nvc1c53-4Yz4kd-945e64e14ec27a47', 'error': {'message': 'Invalid API key provided. You can find your API key at https://api.together.xyz/settings/api-keys.', 'type': 'invalid_request_error', 'param': None, 'code': 'invalid_api_key'}}
Attempt 27 failed: Error code: 401 - {'id': 'nvc1e1K-4Yz4kd-945e65071aed3da4', 'error': {'message': 'Invalid API key provided. You can find your API key at https://api.together.xyz/settings/api-keys.', 'type': 'invalid_request_error', 'param': None, 'code': 'invalid_api_key'}}
Attempt 28 failed: Error code: 401 - {'id': 'nvc1fqw-3NKUce-945e65305ad5fcf0', 'error': {'message': 'Invalid API key provided. You can find your API key at https://api.together.xyz/settings/api-keys.', 'type': 'invalid_request_error', 'param': None, 'code': 'invalid_api_key'}}
Attempt 29 failed: Error code: 401 - {'id': 'nvc1hhY-4Yz4kd-945e65575df39e46', 'error': {'message': 'Invalid API key provided. You can find your API key at https://api.together.xyz/settings/api-keys.', 'type': 'invalid_request_error', 'param': None, 'code': 'invalid_api_key'}}
Attempt 30 failed: Error code: 401 - {'id': 'nvc1jaE-4Yz4kd-945e657d8a9acdfa', 'error': {'message': 'Invalid API key provided. You can find your API key at https://api.together.xyz/settings/api-keys.', 'type': 'invalid_request_error', 'param': None, 'code': 'invalid_api_key'}}
Attempt 31 failed: Error code: 401 - {'id': 'nvc1mX9-3NKUce-945e65a5ce66a8d2', 'error': {'message': 'Invalid API key provided. You can find your API key at https://api.together.xyz/settings/api-keys.', 'type': 'invalid_request_error', 'param': None, 'code': 'invalid_api_key'}}
Attempt 32 failed: Error code: 401 - {'id': 'nvc1oDE-3NKUce-945e65cc187957a7', 'error': {'message': 'Invalid API key provided. You can find your API key at https://api.together.xyz/settings/api-keys.', 'type': 'invalid_request_error', 'param': None, 'code': 'invalid_api_key'}}
Attempt 33 failed: Error code: 401 - {'id': 'nvc1qCk-3NKUce-945e65f2089df910', 'error': {'message': 'Invalid API key provided. You can find your API key at https://api.together.xyz/settings/api-keys.', 'type': 'invalid_request_error', 'param': None, 'code': 'invalid_api_key'}}
Attempt 34 failed: Error code: 401 - {'id': 'nvc1sMK-3NKUce-945e661d6b922a90', 'error': {'message': 'Invalid API key provided. You can find your API key at https://api.together.xyz/settings/api-keys.', 'type': 'invalid_request_error', 'param': None, 'code': 'invalid_api_key'}}
Attempt 35 failed: Error code: 401 - {'id': 'nvc1u2c-4Yz4kd-945e6645cd5e896b', 'error': {'message': 'Invalid API key provided. You can find your API key at https://api.together.xyz/settings/api-keys.', 'type': 'invalid_request_error', 'param': None, 'code': 'invalid_api_key'}}
Attempt 36 failed: Error code: 401 - {'id': 'nvc1vtm-4Yz4kd-945e666d0df4ce41', 'error': {'message': 'Invalid API key provided. You can find your API key at https://api.together.xyz/settings/api-keys.', 'type': 'invalid_request_error', 'param': None, 'code': 'invalid_api_key'}}
Attempt 37 failed: Error code: 401 - {'id': 'nvc1xgq-4Yz4kd-945e6692b81c5f32', 'error': {'message': 'Invalid API key provided. You can find your API key at https://api.together.xyz/settings/api-keys.', 'type': 'invalid_request_error', 'param': None, 'code': 'invalid_api_key'}}
Attempt 38 failed: Error code: 401 - {'id': 'nvc1zYV-4Yz4kd-945e66b88fc41d6d', 'error': {'message': 'Invalid API key provided. You can find your API key at https://api.together.xyz/settings/api-keys.', 'type': 'invalid_request_error', 'param': None, 'code': 'invalid_api_key'}}
Attempt 39 failed: Error code: 401 - {'id': 'nvc22Wp-3NKUce-945e66df7b4e9e1e', 'error': {'message': 'Invalid API key provided. You can find your API key at https://api.together.xyz/settings/api-keys.', 'type': 'invalid_request_error', 'param': None, 'code': 'invalid_api_key'}}
Attempt 40 failed: Error code: 401 - {'id': 'nvc24JQ-4Yz4kd-945e670688d74ca1', 'error': {'message': 'Invalid API key provided. You can find your API key at https://api.together.xyz/settings/api-keys.', 'type': 'invalid_request_error', 'param': None, 'code': 'invalid_api_key'}}
Attempt 41 failed: Error code: 401 - {'id': 'nvc266a-4Yz4kd-945e672e7826fdae', 'error': {'message': 'Invalid API key provided. You can find your API key at https://api.together.xyz/settings/api-keys.', 'type': 'invalid_request_error', 'param': None, 'code': 'invalid_api_key'}}
Attempt 42 failed: Error code: 401 - {'id': 'nvc27up-4Yz4kd-945e6754797987d1', 'error': {'message': 'Invalid API key provided. You can find your API key at https://api.together.xyz/settings/api-keys.', 'type': 'invalid_request_error', 'param': None, 'code': 'invalid_api_key'}}
Attempt 43 failed: Error code: 401 - {'id': 'nvc29iw-4Yz4kd-945e677a89c8c261', 'error': {'message': 'Invalid API key provided. You can find your API key at https://api.together.xyz/settings/api-keys.', 'type': 'invalid_request_error', 'param': None, 'code': 'invalid_api_key'}}
Attempt 44 failed: Error code: 401 - {'id': 'nvc2Bac-4Yz4kd-945e67a08e5cff81', 'error': {'message': 'Invalid API key provided. You can find your API key at https://api.together.xyz/settings/api-keys.', 'type': 'invalid_request_error', 'param': None, 'code': 'invalid_api_key'}}
Attempt 45 failed: Error code: 401 - {'id': 'nvc2DVE-4Yz4kd-945e67c78fc7ff92', 'error': {'message': 'Invalid API key provided. You can find your API key at https://api.together.xyz/settings/api-keys.', 'type': 'invalid_request_error', 'param': None, 'code': 'invalid_api_key'}}
Attempt 46 failed: Error code: 401 - {'id': 'nvc2FPR-3NKUce-945e67ef9f4dce77', 'error': {'message': 'Invalid API key provided. You can find your API key at https://api.together.xyz/settings/api-keys.', 'type': 'invalid_request_error', 'param': None, 'code': 'invalid_api_key'}}
Attempt 47 failed: Error code: 401 - {'id': 'nvc2H7a-3NKUce-945e68159854fce4', 'error': {'message': 'Invalid API key provided. You can find your API key at https://api.together.xyz/settings/api-keys.', 'type': 'invalid_request_error', 'param': None, 'code': 'invalid_api_key'}}
Attempt 48 failed: Error code: 401 - {'id': 'nvc2Jyi-4Yz4kd-945e683d5f934c5f', 'error': {'message': 'Invalid API key provided. You can find your API key at https://api.together.xyz/settings/api-keys.', 'type': 'invalid_request_error', 'param': None, 'code': 'invalid_api_key'}}
Attempt 49 failed: Error code: 401 - {'id': 'nvc2Lmt-4Yz4kd-945e68630ae491b7', 'error': {'message': 'Invalid API key provided. You can find your API key at https://api.together.xyz/settings/api-keys.', 'type': 'invalid_request_error', 'param': None, 'code': 'invalid_api_key'}}
Attempt 50 failed: Error code: 401 - {'id': 'nvc2NrU-3NKUce-945e6888c89d3de2', 'error': {'message': 'Invalid API key provided. You can find your API key at https://api.together.xyz/settings/api-keys.', 'type': 'invalid_request_error', 'param': None, 'code': 'invalid_api_key'}}
Attempt 51 failed: Error code: 401 - {'id': 'nvc2QYx-3NKUce-945e68b31a9bfd24', 'error': {'message': 'Invalid API key provided. You can find your API key at https://api.together.xyz/settings/api-keys.', 'type': 'invalid_request_error', 'param': None, 'code': 'invalid_api_key'}}ERROR:root:Retrying in 5 seconds...
ERROR:root:Retrying in 5 seconds...
ERROR:root:Retrying in 5 seconds...
ERROR:root:Retrying in 5 seconds...
ERROR:root:Retrying in 5 seconds...
ERROR:root:Retrying in 5 seconds...
ERROR:root:Retrying in 5 seconds...
ERROR:root:Retrying in 5 seconds...
ERROR:root:Retrying in 5 seconds...
ERROR:root:Retrying in 5 seconds...
ERROR:root:Retrying in 5 seconds...
ERROR:root:Retrying in 5 seconds...
ERROR:root:Retrying in 5 seconds...
ERROR:root:Retrying in 5 seconds...
ERROR:root:Retrying in 5 seconds...
ERROR:root:Retrying in 5 seconds...
ERROR:root:Retrying in 5 seconds...
ERROR:root:Retrying in 5 seconds...
ERROR:root:Retrying in 5 seconds...
ERROR:root:Retrying in 5 seconds...
ERROR:root:Retrying in 5 seconds...
ERROR:root:Retrying in 5 seconds...
ERROR:root:Retrying in 5 seconds...
ERROR:root:Retrying in 5 seconds...
ERROR:root:Retrying in 5 seconds...
ERROR:root:Retrying in 5 seconds...
ERROR:root:Retrying in 5 seconds...
ERROR:root:Retrying in 5 seconds...
ERROR:root:Retrying in 5 seconds...
ERROR:root:Retrying in 5 seconds...

Attempt 52 failed: Error code: 401 - {'id': 'nvc2SSY-4Yz4kd-945e68d92cc7ff8d', 'error': {'message': 'Invalid API key provided. You can find your API key at https://api.together.xyz/settings/api-keys.', 'type': 'invalid_request_error', 'param': None, 'code': 'invalid_api_key'}}
Attempt 53 failed: Error code: 401 - {'id': 'nvc2UQt-3NKUce-945e6901ddf54b62', 'error': {'message': 'Invalid API key provided. You can find your API key at https://api.together.xyz/settings/api-keys.', 'type': 'invalid_request_error', 'param': None, 'code': 'invalid_api_key'}}
Attempt 54 failed: Error code: 401 - {'id': 'nvc2WDV-3NKUce-945e692a587a55d8', 'error': {'message': 'Invalid API key provided. You can find your API key at https://api.together.xyz/settings/api-keys.', 'type': 'invalid_request_error', 'param': None, 'code': 'invalid_api_key'}}
Attempt 55 failed: Error code: 401 - {'id': 'nvc2Y4x-4Yz4kd-945e69509fbbfd83', 'error': {'message': 'Invalid API key provided. You can find your API key at https://api.together.xyz/settings/api-keys.', 'type': 'invalid_request_error', 'param': None, 'code': 'invalid_api_key'}}
Attempt 56 failed: Error code: 401 - {'id': 'nvc2Zv4-3NKUce-945e69766e4d4094', 'error': {'message': 'Invalid API key provided. You can find your API key at https://api.together.xyz/settings/api-keys.', 'type': 'invalid_request_error', 'param': None, 'code': 'invalid_api_key'}}
Attempt 57 failed: Error code: 401 - {'id': 'nvc2bgQ-4Yz4kd-945e699c6bc481f5', 'error': {'message': 'Invalid API key provided. You can find your API key at https://api.together.xyz/settings/api-keys.', 'type': 'invalid_request_error', 'param': None, 'code': 'invalid_api_key'}}
Attempt 58 failed: Error code: 401 - {'id': 'nvc2dfG-4Yz4kd-945e69c2af4cfd10', 'error': {'message': 'Invalid API key provided. You can find your API key at https://api.together.xyz/settings/api-keys.', 'type': 'invalid_request_error', 'param': None, 'code': 'invalid_api_key'}}
Attempt 59 failed: Error code: 401 - {'id': 'nvc2fZo-4Yz4kd-945e69ebdd8f5fea', 'error': {'message': 'Invalid API key provided. You can find your API key at https://api.together.xyz/settings/api-keys.', 'type': 'invalid_request_error', 'param': None, 'code': 'invalid_api_key'}}
Attempt 60 failed: Error code: 401 - {'id': 'nvc2hRV-4Yz4kd-945e6a1419b0d47d', 'error': {'message': 'Invalid API key provided. You can find your API key at https://api.together.xyz/settings/api-keys.', 'type': 'invalid_request_error', 'param': None, 'code': 'invalid_api_key'}}
Attempt 61 failed: Error code: 401 - {'id': 'nvc2jEX-4Yz4kd-945e6a3b29d4ce41', 'error': {'message': 'Invalid API key provided. You can find your API key at https://api.together.xyz/settings/api-keys.', 'type': 'invalid_request_error', 'param': None, 'code': 'invalid_api_key'}}
Attempt 62 failed: Error code: 401 - {'id': 'nvc2mE9-3NKUce-945e6a613f5046a3', 'error': {'message': 'Invalid API key provided. You can find your API key at https://api.together.xyz/settings/api-keys.', 'type': 'invalid_request_error', 'param': None, 'code': 'invalid_api_key'}}
Attempt 63 failed: Error code: 401 - {'id': 'nvc2oLL-3NKUce-945e6a894bf1fdcc', 'error': {'message': 'Invalid API key provided. You can find your API key at https://api.together.xyz/settings/api-keys.', 'type': 'invalid_request_error', 'param': None, 'code': 'invalid_api_key'}}
Attempt 64 failed: Error code: 401 - {'id': 'nvc2qKw-3NKUce-945e6ab80b76926c', 'error': {'message': 'Invalid API key provided. You can find your API key at https://api.together.xyz/settings/api-keys.', 'type': 'invalid_request_error', 'param': None, 'code': 'invalid_api_key'}}
Attempt 65 failed: Error code: 401 - {'id': 'nvc2sES-3NKUce-945e6ae1cb128bc6', 'error': {'message': 'Invalid API key provided. You can find your API key at https://api.together.xyz/settings/api-keys.', 'type': 'invalid_request_error', 'param': None, 'code': 'invalid_api_key'}}
Attempt 66 failed: Error code: 401 - {'id': 'nvc2u8e-3NKUce-945e6b0a6b8d5fcd', 'error': {'message': 'Invalid API key provided. You can find your API key at https://api.together.xyz/settings/api-keys.', 'type': 'invalid_request_error', 'param': None, 'code': 'invalid_api_key'}}
Attempt 67 failed: Error code: 401 - {'id': 'nvc2w4B-4Yz4kd-945e6b319ce01f9f', 'error': {'message': 'Invalid API key provided. You can find your API key at https://api.together.xyz/settings/api-keys.', 'type': 'invalid_request_error', 'param': None, 'code': 'invalid_api_key'}}
Attempt 68 failed: Error code: 401 - {'id': 'nvc2xv6-4Yz4kd-945e6b59ad49a0bc', 'error': {'message': 'Invalid API key provided. You can find your API key at https://api.together.xyz/settings/api-keys.', 'type': 'invalid_request_error', 'param': None, 'code': 'invalid_api_key'}}
Attempt 69 failed: Error code: 401 - {'id': 'nvc2zmn-4Yz4kd-945e6b80b94f4008', 'error': {'message': 'Invalid API key provided. You can find your API key at https://api.together.xyz/settings/api-keys.', 'type': 'invalid_request_error', 'param': None, 'code': 'invalid_api_key'}}
Attempt 70 failed: Error code: 401 - {'id': 'nvc32aX-4Yz4kd-945e6ba7ef5b87ea', 'error': {'message': 'Invalid API key provided. You can find your API key at https://api.together.xyz/settings/api-keys.', 'type': 'invalid_request_error', 'param': None, 'code': 'invalid_api_key'}}
Attempt 71 failed: Error code: 401 - {'id': 'nvc34YN-4Yz4kd-945e6bcdc9a23daa', 'error': {'message': 'Invalid API key provided. You can find your API key at https://api.together.xyz/settings/api-keys.', 'type': 'invalid_request_error', 'param': None, 'code': 'invalid_api_key'}}
Attempt 72 failed: Error code: 401 - {'id': 'nvc36fi-3NKUce-945e6bf87af94091', 'error': {'message': 'Invalid API key provided. You can find your API key at https://api.together.xyz/settings/api-keys.', 'type': 'invalid_request_error', 'param': None, 'code': 'invalid_api_key'}}
Attempt 73 failed: Error code: 401 - {'id': 'nvc38P8-4Yz4kd-945e6c20aecf5f41', 'error': {'message': 'Invalid API key provided. You can find your API key at https://api.together.xyz/settings/api-keys.', 'type': 'invalid_request_error', 'param': None, 'code': 'invalid_api_key'}}
Attempt 74 failed: Error code: 401 - {'id': 'nvc3AF5-4Yz4kd-945e6c47d99940ec', 'error': {'message': 'Invalid API key provided. You can find your API key at https://api.together.xyz/settings/api-keys.', 'type': 'invalid_request_error', 'param': None, 'code': 'invalid_api_key'}}
Attempt 75 failed: Error code: 401 - {'id': 'nvc3C7G-4Yz4kd-945e6c6f0fc3fd1f', 'error': {'message': 'Invalid API key provided. You can find your API key at https://api.together.xyz/settings/api-keys.', 'type': 'invalid_request_error', 'param': None, 'code': 'invalid_api_key'}}
Attempt 76 failed: Error code: 401 - {'id': 'nvc3E8R-3NKUce-945e6c964cae3e20', 'error': {'message': 'Invalid API key provided. You can find your API key at https://api.together.xyz/settings/api-keys.', 'type': 'invalid_request_error', 'param': None, 'code': 'invalid_api_key'}}
Attempt 77 failed: Error code: 401 - {'id': 'nvc3Fv7-3NKUce-945e6cbd591ef924', 'error': {'message': 'Invalid API key provided. You can find your API key at https://api.together.xyz/settings/api-keys.', 'type': 'invalid_request_error', 'param': None, 'code': 'invalid_api_key'}}
Attempt 78 failed: Error code: 401 - {'id': 'nvc3J4G-3NKUce-945e6ce76b4e919f', 'error': {'message': 'Invalid API key provided. You can find your API key at https://api.together.xyz/settings/api-keys.', 'type': 'invalid_request_error', 'param': None, 'code': 'invalid_api_key'}}
Attempt 79 failed: Error code: 401 - {'id': 'nvc3Kzs-3NKUce-945e6d0d5e80f90a', 'error': {'message': 'Invalid API key provided. You can find your API key at https://api.together.xyz/settings/api-keys.', 'type': 'invalid_request_error', 'param': None, 'code': 'invalid_api_key'}}
Attempt 80 failed: Error code: 401 - {'id': 'nvc3McZ-4Yz4kd-945e6d35e8c27e2e', 'error': {'message': 'Invalid API key provided. You can find your API key at https://api.together.xyz/settings/api-keys.', 'type': 'invalid_request_error', 'param': None, 'code': 'invalid_api_key'}}
Attempt 81 failed: Error code: 401 - {'id': 'nvc3Pip-4Yz4kd-945e6d5fde3d7e8d', 'error': {'message': 'Invalid API key provided. You can find your API key at https://api.together.xyz/settings/api-keys.', 'type': 'invalid_request_error', 'param': None, 'code': 'invalid_api_key'}}ERROR:root:Retrying in 5 seconds...
ERROR:root:Retrying in 5 seconds...
ERROR:root:Retrying in 5 seconds...
ERROR:root:Retrying in 5 seconds...
ERROR:root:Retrying in 5 seconds...
ERROR:root:Retrying in 5 seconds...
ERROR:root:Retrying in 5 seconds...
ERROR:root:Retrying in 5 seconds...
ERROR:root:Retrying in 5 seconds...
ERROR:root:Retrying in 5 seconds...
ERROR:root:Retrying in 5 seconds...
ERROR:root:Retrying in 5 seconds...
ERROR:root:Retrying in 5 seconds...
ERROR:root:Retrying in 5 seconds...
ERROR:root:Retrying in 5 seconds...
ERROR:root:Retrying in 5 seconds...
ERROR:root:Retrying in 5 seconds...
ERROR:root:Retrying in 5 seconds...
ERROR:root:Retrying in 5 seconds...
ERROR:root:Attempt 1 failed: Error code: 401 - {'id': 'nvc41Xk-3NKUce-945e7051be643e55', 'error': {'message': 'Invalid API key provided. You can find your API key at https://api.together.xyz/settings/api-keys.', 'type': 'invalid_request_error', 'param': None, 'code': 'invalid_api_key'}}
ERROR:root:Attempt 2 failed: Error code: 401 - {'id': 'nvc41eN-4Yz4kd-945e70555eb53e5f', 'error': {'message': 'Invalid API key provided. You can find your API key at https://api.together.xyz/settings/api-keys.', 'type': 'invalid_request_error', 'param': None, 'code': 'invalid_api_key'}}
ERROR:root:Attempt 3 failed: Error code: 401 - {'id': 'nvc41uS-3NKUce-945e705a3db840ac', 'error': {'message': 'Invalid API key provided. You can find your API key at https://api.together.xyz/settings/api-keys.', 'type': 'invalid_request_error', 'param': None, 'code': 'invalid_api_key'}}
ERROR:root:Attempt 4 failed: Error code: 401 - {'id': 'nvc423y-3NKUce-945e705c7cff3fac', 'error': {'message': 'Invalid API key provided. You can find your API key at https://api.together.xyz/settings/api-keys.', 'type': 'invalid_request_error', 'param': None, 'code': 'invalid_api_key'}}
ERROR:root:Attempt 5 failed: Error code: 401 - {'id': 'nvc425D-3NKUce-945e705e9e26ce82', 'error': {'message': 'Invalid API key provided. You can find your API key at https://api.together.xyz/settings/api-keys.', 'type': 'invalid_request_error', 'param': None, 'code': 'invalid_api_key'}}
ERROR:root:Attempt 6 failed: Error code: 401 - {'id': 'nvc42Ff-3NKUce-945e7060b8d2f8de', 'error': {'message': 'Invalid API key provided. You can find your API key at https://api.together.xyz/settings/api-keys.', 'type': 'invalid_request_error', 'param': None, 'code': 'invalid_api_key'}}
ERROR:root:Attempt 7 failed: Error code: 401 - {'id': 'nvc42Gs-3NKUce-945e7062db8bfde0', 'error': {'message': 'Invalid API key provided. You can find your API key at https://api.together.xyz/settings/api-keys.', 'type': 'invalid_request_error', 'param': None, 'code': 'invalid_api_key'}}
ERROR:root:Attempt 8 failed: Error code: 401 - {'id': 'nvc42P5-3NKUce-945e7064f9db1658', 'error': {'message': 'Invalid API key provided. You can find your API key at https://api.together.xyz/settings/api-keys.', 'type': 'invalid_request_error', 'param': None, 'code': 'invalid_api_key'}}
ERROR:root:Attempt 9 failed: Error code: 401 - {'id': 'nvc42Rh-4Yz4kd-945e70671cbcb251', 'error': {'message': 'Invalid API key provided. You can find your API key at https://api.together.xyz/settings/api-keys.', 'type': 'invalid_request_error', 'param': None, 'code': 'invalid_api_key'}}
ERROR:root:Attempt 10 failed: Error code: 401 - {'id': 'nvc42eY-3NKUce-945e706a6d98ce43', 'error': {'message': 'Invalid API key provided. You can find your API key at https://api.together.xyz/settings/api-keys.', 'type': 'invalid_request_error', 'param': None, 'code': 'invalid_api_key'}}
ERROR:root:Attempt 11 failed: Error code: 401 - {'id': 'nvc42ga-4Yz4kd-945e706c899cf309', 'error': {'message': 'Invalid API key provided. You can find your API key at https://api.together.xyz/settings/api-keys.', 'type': 'invalid_request_error', 'param': None, 'code': 'invalid_api_key'}}
ERROR:root:Attempt 12 failed: Error code: 401 - {'id': 'nvc42qb-4Yz4kd-945e706fca1a4115', 'error': {'message': 'Invalid API key provided. You can find your API key at https://api.together.xyz/settings/api-keys.', 'type': 'invalid_request_error', 'param': None, 'code': 'invalid_api_key'}}
ERROR:root:Attempt 13 failed: Error code: 401 - {'id': 'nvc42w9-4Yz4kd-945e70731d7ece22', 'error': {'message': 'Invalid API key provided. You can find your API key at https://api.together.xyz/settings/api-keys.', 'type': 'invalid_request_error', 'param': None, 'code': 'invalid_api_key'}}
ERROR:root:Attempt 14 failed: Error code: 401 - {'id': 'nvc432j-4Yz4kd-945e707519e4fdba', 'error': {'message': 'Invalid API key provided. You can find your API key at https://api.together.xyz/settings/api-keys.', 'type': 'invalid_request_error', 'param': None, 'code': 'invalid_api_key'}}
ERROR:root:Attempt 15 failed: Error code: 401 - {'id': 'nvc43GG-3NKUce-945e707789aaa110', 'error': {'message': 'Invalid API key provided. You can find your API key at https://api.together.xyz/settings/api-keys.', 'type': 'invalid_request_error', 'param': None, 'code': 'invalid_api_key'}}
ERROR:root:Attempt 16 failed: Error code: 401 - {'id': 'nvc43KT-4Yz4kd-945e7079daa135f2', 'error': {'message': 'Invalid API key provided. You can find your API key at https://api.together.xyz/settings/api-keys.', 'type': 'invalid_request_error', 'param': None, 'code': 'invalid_api_key'}}
ERROR:root:Attempt 17 failed: Error code: 401 - {'id': 'nvc43Tx-4Yz4kd-945e707d187e8807', 'error': {'message': 'Invalid API key provided. You can find your API key at https://api.together.xyz/settings/api-keys.', 'type': 'invalid_request_error', 'param': None, 'code': 'invalid_api_key'}}
ERROR:root:Attempt 18 failed: Error code: 401 - {'id': 'nvc43dF-4Yz4kd-945e70803b40f928', 'error': {'message': 'Invalid API key provided. You can find your API key at https://api.together.xyz/settings/api-keys.', 'type': 'invalid_request_error', 'param': None, 'code': 'invalid_api_key'}}
ERROR:root:Attempt 19 failed: Error code: 401 - {'id': 'nvc43q1-3NKUce-945e70839818fe01', 'error': {'message': 'Invalid API key provided. You can find your API key at https://api.together.xyz/settings/api-keys.', 'type': 'invalid_request_error', 'param': None, 'code': 'invalid_api_key'}}
ERROR:root:Attempt 20 failed: Error code: 401 - {'id': 'nvc43t5-4Yz4kd-945e7085bbf03e24', 'error': {'message': 'Invalid API key provided. You can find your API key at https://api.together.xyz/settings/api-keys.', 'type': 'invalid_request_error', 'param': None, 'code': 'invalid_api_key'}}
ERROR:root:Attempt 21 failed: Error code: 401 - {'id': 'nvc44BB-3NKUce-945e7088fadd8f82', 'error': {'message': 'Invalid API key provided. You can find your API key at https://api.together.xyz/settings/api-keys.', 'type': 'invalid_request_error', 'param': None, 'code': 'invalid_api_key'}}
ERROR:root:Attempt 22 failed: Error code: 401 - {'id': 'nvc44DN-3NKUce-945e708b6e484006', 'error': {'message': 'Invalid API key provided. You can find your API key at https://api.together.xyz/settings/api-keys.', 'type': 'invalid_request_error', 'param': None, 'code': 'invalid_api_key'}}
ERROR:root:Attempt 23 failed: Error code: 401 - {'id': 'nvc44Ch-4Yz4kd-945e708dac174967', 'error': {'message': 'Invalid API key provided. You can find your API key at https://api.together.xyz/settings/api-keys.', 'type': 'invalid_request_error', 'param': None, 'code': 'invalid_api_key'}}
ERROR:root:Attempt 24 failed: Error code: 401 - {'id': 'nvc44JK-4Yz4kd-945e708fbcd9fde3', 'error': {'message': 'Invalid API key provided. You can find your API key at https://api.together.xyz/settings/api-keys.', 'type': 'invalid_request_error', 'param': None, 'code': 'invalid_api_key'}}
ERROR:root:Attempt 25 failed: Error code: 401 - {'id': 'nvc44cS-3NKUce-945e7091cd0e5c33', 'error': {'message': 'Invalid API key provided. You can find your API key at https://api.together.xyz/settings/api-keys.', 'type': 'invalid_request_error', 'param': None, 'code': 'invalid_api_key'}}
ERROR:root:Attempt 26 failed: Error code: 401 - {'id': 'nvc44Zf-4Yz4kd-945e709538969e4a', 'error': {'message': 'Invalid API key provided. You can find your API key at https://api.together.xyz/settings/api-keys.', 'type': 'invalid_request_error', 'param': None, 'code': 'invalid_api_key'}}
ERROR:root:Attempt 27 failed: Error code: 401 - {'id': 'nvc44iU-4Yz4kd-945e70975dfd7ae1', 'error': {'message': 'Invalid API key provided. You can find your API key at https://api.together.xyz/settings/api-keys.', 'type': 'invalid_request_error', 'param': None, 'code': 'invalid_api_key'}}
ERROR:root:Attempt 28 failed: Error code: 401 - {'id': 'nvc44vP-4Yz4kd-945e709a8f613e41', 'error': {'message': 'Invalid API key provided. You can find your API key at https://api.together.xyz/settings/api-keys.', 'type': 'invalid_request_error', 'param': None, 'code': 'invalid_api_key'}}
ERROR:root:Attempt 29 failed: Error code: 401 - {'id': 'nvc4578-4Yz4kd-945e709eda57821c', 'error': {'message': 'Invalid API key provided. You can find your API key at https://api.together.xyz/settings/api-keys.', 'type': 'invalid_request_error', 'param': None, 'code': 'invalid_api_key'}}
ERROR:root:Attempt 30 failed: Error code: 401 - {'id': 'nvc45Sk-3NKUce-945e70a2be00f4a9', 'error': {'message': 'Invalid API key provided. You can find your API key at https://api.together.xyz/settings/api-keys.', 'type': 'invalid_request_error', 'param': None, 'code': 'invalid_api_key'}}
ERROR:root:Attempt 31 failed: Error code: 401 - {'id': 'nvc45SV-4Yz4kd-945e70a7bd4bfd71', 'error': {'message': 'Invalid API key provided. You can find your API key at https://api.together.xyz/settings/api-keys.', 'type': 'invalid_request_error', 'param': None, 'code': 'invalid_api_key'}}
ERROR:root:Attempt 32 failed: Error code: 401 - {'id': 'nvc45Yg-4Yz4kd-945e70a9bb079d12', 'error': {'message': 'Invalid API key provided. You can find your API key at https://api.together.xyz/settings/api-keys.', 'type': 'invalid_request_error', 'param': None, 'code': 'invalid_api_key'}}
ERROR:root:Attempt 33 failed: Error code: 401 - {'id': 'nvc45eo-4Yz4kd-945e70ac0d51fd38', 'error': {'message': 'Invalid API key provided. You can find your API key at https://api.together.xyz/settings/api-keys.', 'type': 'invalid_request_error', 'param': None, 'code': 'invalid_api_key'}}
ERROR:root:Attempt 34 failed: Error code: 401 - {'id': 'nvc45mL-4Yz4kd-945e70ae9802fd73', 'error': {'message': 'Invalid API key provided. You can find your API key at https://api.together.xyz/settings/api-keys.', 'type': 'invalid_request_error', 'param': None, 'code': 'invalid_api_key'}}
ERROR:root:Attempt 35 failed: Error code: 401 - {'id': 'nvc45yB-4Yz4kd-945e70b09c6a5c33', 'error': {'message': 'Invalid API key provided. You can find your API key at https://api.together.xyz/settings/api-keys.', 'type': 'invalid_request_error', 'param': None, 'code': 'invalid_api_key'}}
ERROR:root:Attempt 36 failed: Error code: 401 - {'id': 'nvc46BZ-3NKUce-945e70b4df36604c', 'error': {'message': 'Invalid API key provided. You can find your API key at https://api.together.xyz/settings/api-keys.', 'type': 'invalid_request_error', 'param': None, 'code': 'invalid_api_key'}}
ERROR:root:Attempt 37 failed: Error code: 401 - {'id': 'nvc46Ka-3NKUce-945e70b73ed0290d', 'error': {'message': 'Invalid API key provided. You can find your API key at https://api.together.xyz/settings/api-keys.', 'type': 'invalid_request_error', 'param': None, 'code': 'invalid_api_key'}}
ERROR:root:Attempt 38 failed: Error code: 401 - {'id': 'nvc46a2-3NKUce-945e70b9cc503e35', 'error': {'message': 'Invalid API key provided. You can find your API key at https://api.together.xyz/settings/api-keys.', 'type': 'invalid_request_error', 'param': None, 'code': 'invalid_api_key'}}
ERROR:root:Attempt 39 failed: Error code: 401 - {'id': 'nvc46YF-4Yz4kd-945e70beae7bfd3c', 'error': {'message': 'Invalid API key provided. You can find your API key at https://api.together.xyz/settings/api-keys.', 'type': 'invalid_request_error', 'param': None, 'code': 'invalid_api_key'}}
ERROR:root:Attempt 40 failed: Error code: 401 - {'id': 'nvc46dq-4Yz4kd-945e70c0e85a8b16', 'error': {'message': 'Invalid API key provided. You can find your API key at https://api.together.xyz/settings/api-keys.', 'type': 'invalid_request_error', 'param': None, 'code': 'invalid_api_key'}}
ERROR:root:Attempt 41 failed: Error code: 401 - {'id': 'nvc46jN-4Yz4kd-945e70c2dc253f31', 'error': {'message': 'Invalid API key provided. You can find your API key at https://api.together.xyz/settings/api-keys.', 'type': 'invalid_request_error', 'param': None, 'code': 'invalid_api_key'}}
ERROR:root:Attempt 42 failed: Error code: 401 - {'id': 'nvc472Q-3NKUce-945e70c4ee13fd08', 'error': {'message': 'Invalid API key provided. You can find your API key at https://api.together.xyz/settings/api-keys.', 'type': 'invalid_request_error', 'param': None, 'code': 'invalid_api_key'}}
ERROR:root:Attempt 43 failed: Error code: 401 - {'id': 'nvc478y-3NKUce-945e70c90b2ff847', 'error': {'message': 'Invalid API key provided. You can find your API key at https://api.together.xyz/settings/api-keys.', 'type': 'invalid_request_error', 'param': None, 'code': 'invalid_api_key'}}
ERROR:root:Attempt 44 failed: Error code: 401 - {'id': 'nvc47C3-4Yz4kd-945e70cc789afdeb', 'error': {'message': 'Invalid API key provided. You can find your API key at https://api.together.xyz/settings/api-keys.', 'type': 'invalid_request_error', 'param': None, 'code': 'invalid_api_key'}}
ERROR:root:Attempt 45 failed: Error code: 401 - {'id': 'nvc47Q6-3NKUce-945e70ceaf289c7d', 'error': {'message': 'Invalid API key provided. You can find your API key at https://api.together.xyz/settings/api-keys.', 'type': 'invalid_request_error', 'param': None, 'code': 'invalid_api_key'}}
ERROR:root:Attempt 46 failed: Error code: 401 - {'id': 'nvc47Ze-3NKUce-945e70d0dcc649ea', 'error': {'message': 'Invalid API key provided. You can find your API key at https://api.together.xyz/settings/api-keys.', 'type': 'invalid_request_error', 'param': None, 'code': 'invalid_api_key'}}
ERROR:root:Attempt 47 failed: Error code: 401 - {'id': 'nvc47d8-3NKUce-945e70d30ad644ab', 'error': {'message': 'Invalid API key provided. You can find your API key at https://api.together.xyz/settings/api-keys.', 'type': 'invalid_request_error', 'param': None, 'code': 'invalid_api_key'}}
ERROR:root:Attempt 48 failed: Error code: 401 - {'id': 'nvc47ft-4Yz4kd-945e70d6891b4c59', 'error': {'message': 'Invalid API key provided. You can find your API key at https://api.together.xyz/settings/api-keys.', 'type': 'invalid_request_error', 'param': None, 'code': 'invalid_api_key'}}
ERROR:root:Attempt 49 failed: Error code: 401 - {'id': 'nvc47ps-4Yz4kd-945e70d8ae23fcf2', 'error': {'message': 'Invalid API key provided. You can find your API key at https://api.together.xyz/settings/api-keys.', 'type': 'invalid_request_error', 'param': None, 'code': 'invalid_api_key'}}
ERROR:root:Attempt 50 failed: Error code: 401 - {'id': 'nvc482n-3NKUce-945e70dbed73fd02', 'error': {'message': 'Invalid API key provided. You can find your API key at https://api.together.xyz/settings/api-keys.', 'type': 'invalid_request_error', 'param': None, 'code': 'invalid_api_key'}}
ERROR:root:Attempt 51 failed: Error code: 401 - {'id': 'nvc488A-3NKUce-945e70de1e3cce6a', 'error': {'message': 'Invalid API key provided. You can find your API key at https://api.together.xyz/settings/api-keys.', 'type': 'invalid_request_error', 'param': None, 'code': 'invalid_api_key'}}
ERROR:root:Attempt 52 failed: Error code: 401 - {'id': 'nvc488A-4Yz4kd-945e70e02940ce3d', 'error': {'message': 'Invalid API key provided. You can find your API key at https://api.together.xyz/settings/api-keys.', 'type': 'invalid_request_error', 'param': None, 'code': 'invalid_api_key'}}
ERROR:root:Attempt 53 failed: Error code: 401 - {'id': 'nvc48Kp-4Yz4kd-945e70e22f749e1e', 'error': {'message': 'Invalid API key provided. You can find your API key at https://api.together.xyz/settings/api-keys.', 'type': 'invalid_request_error', 'param': None, 'code': 'invalid_api_key'}}
ERROR:root:Attempt 54 failed: Error code: 401 - {'id': 'nvc48Qx-4Yz4kd-945e70e64e6cf928', 'error': {'message': 'Invalid API key provided. You can find your API key at https://api.together.xyz/settings/api-keys.', 'type': 'invalid_request_error', 'param': None, 'code': 'invalid_api_key'}}
ERROR:root:Attempt 55 failed: Error code: 401 - {'id': 'nvc48dR-3NKUce-945e70e85caafcfb', 'error': {'message': 'Invalid API key provided. You can find your API key at https://api.together.xyz/settings/api-keys.', 'type': 'invalid_request_error', 'param': None, 'code': 'invalid_api_key'}}
ERROR:root:Attempt 56 failed: Error code: 401 - {'id': 'nvc48kj-3NKUce-945e70eb2eff4bb0', 'error': {'message': 'Invalid API key provided. You can find your API key at https://api.together.xyz/settings/api-keys.', 'type': 'invalid_request_error', 'param': None, 'code': 'invalid_api_key'}}
ERROR:root:Attempt 57 failed: Error code: 401 - {'id': 'nvc48kG-4Yz4kd-945e70ed5bb4712c', 'error': {'message': 'Invalid API key provided. You can find your API key at https://api.together.xyz/settings/api-keys.', 'type': 'invalid_request_error', 'param': None, 'code': 'invalid_api_key'}}
ERROR:root:Attempt 58 failed: Error code: 401 - {'id': 'nvc48r4-4Yz4kd-945e70ef5c9dce2f', 'error': {'message': 'Invalid API key provided. You can find your API key at https://api.together.xyz/settings/api-keys.', 'type': 'invalid_request_error', 'param': None, 'code': 'invalid_api_key'}}
ERROR:root:Attempt 59 failed: Error code: 401 - {'id': 'nvc48wW-4Yz4kd-945e70f15806f881', 'error': {'message': 'Invalid API key provided. You can find your API key at https://api.together.xyz/settings/api-keys.', 'type': 'invalid_request_error', 'param': None, 'code': 'invalid_api_key'}}
ERROR:root:Attempt 60 failed: Error code: 401 - {'id': 'nvc49GW-3NKUce-945e70f35f3f9fb0', 'error': {'message': 'Invalid API key provided. You can find your API key at https://api.together.xyz/settings/api-keys.', 'type': 'invalid_request_error', 'param': None, 'code': 'invalid_api_key'}}
ERROR:root:Attempt 61 failed: Error code: 401 - {'id': 'nvc49TN-3NKUce-945e70f83b27cde2', 'error': {'message': 'Invalid API key provided. You can find your API key at https://api.together.xyz/settings/api-keys.', 'type': 'invalid_request_error', 'param': None, 'code': 'invalid_api_key'}}
ERROR:root:Attempt 62 failed: Error code: 401 - {'id': 'nvc49Xc-4Yz4kd-945e70fd59eaa198', 'error': {'message': 'Invalid API key provided. You can find your API key at https://api.together.xyz/settings/api-keys.', 'type': 'invalid_request_error', 'param': None, 'code': 'invalid_api_key'}}
ERROR:root:Attempt 63 failed: Error code: 401 - {'id': 'nvc49o8-3NKUce-945e70ffcc50fdc3', 'error': {'message': 'Invalid API key provided. You can find your API key at https://api.together.xyz/settings/api-keys.', 'type': 'invalid_request_error', 'param': None, 'code': 'invalid_api_key'}}
ERROR:root:Attempt 64 failed: Error code: 401 - {'id': 'nvc49p4-4Yz4kd-945e71037d57a1b5', 'error': {'message': 'Invalid API key provided. You can find your API key at https://api.together.xyz/settings/api-keys.', 'type': 'invalid_request_error', 'param': None, 'code': 'invalid_api_key'}}
ERROR:root:Attempt 65 failed: Error code: 401 - {'id': 'nvc4A1a-3NKUce-945e7105a8ddff83', 'error': {'message': 'Invalid API key provided. You can find your API key at https://api.together.xyz/settings/api-keys.', 'type': 'invalid_request_error', 'param': None, 'code': 'invalid_api_key'}}
ERROR:root:Attempt 66 failed: Error code: 401 - {'id': 'nvc4A4d-3NKUce-945e7107cff6b251', 'error': {'message': 'Invalid API key provided. You can find your API key at https://api.together.xyz/settings/api-keys.', 'type': 'invalid_request_error', 'param': None, 'code': 'invalid_api_key'}}
ERROR:root:Attempt 67 failed: Error code: 401 - {'id': 'nvc4A7i-4Yz4kd-945e710a085b5ffd', 'error': {'message': 'Invalid API key provided. You can find your API key at https://api.together.xyz/settings/api-keys.', 'type': 'invalid_request_error', 'param': None, 'code': 'invalid_api_key'}}
ERROR:root:Attempt 68 failed: Error code: 401 - {'id': 'nvc4AH1-3NKUce-945e710c2a6c9d23', 'error': {'message': 'Invalid API key provided. You can find your API key at https://api.together.xyz/settings/api-keys.', 'type': 'invalid_request_error', 'param': None, 'code': 'invalid_api_key'}}
ERROR:root:Attempt 69 failed: Error code: 401 - {'id': 'nvc4AKp-4Yz4kd-945e710e5efefe1b', 'error': {'message': 'Invalid API key provided. You can find your API key at https://api.together.xyz/settings/api-keys.', 'type': 'invalid_request_error', 'param': None, 'code': 'invalid_api_key'}}
ERROR:root:Attempt 70 failed: Error code: 401 - {'id': 'nvc4AS4-4Yz4kd-945e7110af675888', 'error': {'message': 'Invalid API key provided. You can find your API key at https://api.together.xyz/settings/api-keys.', 'type': 'invalid_request_error', 'param': None, 'code': 'invalid_api_key'}}
ERROR:root:Attempt 71 failed: Error code: 401 - {'id': 'nvc4AbD-4Yz4kd-945e7112b854fe0d', 'error': {'message': 'Invalid API key provided. You can find your API key at https://api.together.xyz/settings/api-keys.', 'type': 'invalid_request_error', 'param': None, 'code': 'invalid_api_key'}}
ERROR:root:Attempt 72 failed: Error code: 401 - {'id': 'nvc4Agv-4Yz4kd-945e71160db6a8e5', 'error': {'message': 'Invalid API key provided. You can find your API key at https://api.together.xyz/settings/api-keys.', 'type': 'invalid_request_error', 'param': None, 'code': 'invalid_api_key'}}
ERROR:root:Attempt 73 failed: Error code: 401 - {'id': 'nvc4Atj-3NKUce-945e7118280a9c86', 'error': {'message': 'Invalid API key provided. You can find your API key at https://api.together.xyz/settings/api-keys.', 'type': 'invalid_request_error', 'param': None, 'code': 'invalid_api_key'}}
ERROR:root:Attempt 74 failed: Error code: 401 - {'id': 'nvc4B3p-3NKUce-945e711a4a1afede', 'error': {'message': 'Invalid API key provided. You can find your API key at https://api.together.xyz/settings/api-keys.', 'type': 'invalid_request_error', 'param': None, 'code': 'invalid_api_key'}}
ERROR:root:Attempt 75 failed: Error code: 401 - {'id': 'nvc4BA2-3NKUce-945e711d9d15cdf5', 'error': {'message': 'Invalid API key provided. You can find your API key at https://api.together.xyz/settings/api-keys.', 'type': 'invalid_request_error', 'param': None, 'code': 'invalid_api_key'}}
ERROR:root:Attempt 76 failed: Error code: 401 - {'id': 'nvc4BPk-3NKUce-945e711fefa2fd8d', 'error': {'message': 'Invalid API key provided. You can find your API key at https://api.together.xyz/settings/api-keys.', 'type': 'invalid_request_error', 'param': None, 'code': 'invalid_api_key'}}
ERROR:root:Attempt 77 failed: Error code: 401 - {'id': 'nvc4BVT-3NKUce-945e7124d81262f7', 'error': {'message': 'Invalid API key provided. You can find your API key at https://api.together.xyz/settings/api-keys.', 'type': 'invalid_request_error', 'param': None, 'code': 'invalid_api_key'}}
ERROR:root:Attempt 78 failed: Error code: 401 - {'id': 'nvc4BV6-4Yz4kd-945e7126dbfb294b', 'error': {'message': 'Invalid API key provided. You can find your API key at https://api.together.xyz/settings/api-keys.', 'type': 'invalid_request_error', 'param': None, 'code': 'invalid_api_key'}}
ERROR:root:Attempt 79 failed: Error code: 401 - {'id': 'nvc4Bhj-3NKUce-945e7128ed76eba2', 'error': {'message': 'Invalid API key provided. You can find your API key at https://api.together.xyz/settings/api-keys.', 'type': 'invalid_request_error', 'param': None, 'code': 'invalid_api_key'}}
ERROR:root:Attempt 80 failed: Error code: 401 - {'id': 'nvc4Bor-3NKUce-945e712b6b294096', 'error': {'message': 'Invalid API key provided. You can find your API key at https://api.together.xyz/settings/api-keys.', 'type': 'invalid_request_error', 'param': None, 'code': 'invalid_api_key'}}
ERROR:root:Attempt 81 failed: Error code: 401 - {'id': 'nvc4C31-3NKUce-945e712d89f7f92a', 'error': {'message': 'Invalid API key provided. You can find your API key at https://api.together.xyz/settings/api-keys.', 'type': 'invalid_request_error', 'param': None, 'code': 'invalid_api_key'}}
ERROR:root:Attempt 82 failed: Error code: 401 - {'id': 'nvc4CCM-4Yz4kd-945e71338db93054', 'error': {'message': 'Invalid API key provided. You can find your API key at https://api.together.xyz/settings/api-keys.', 'type': 'invalid_request_error', 'param': None, 'code': 'invalid_api_key'}}
ERROR:root:Attempt 83 failed: Error code: 401 - {'id': 'nvc4CQ8-3NKUce-945e7137dcbd5feb', 'error': {'message': 'Invalid API key provided. You can find your API key at https://api.together.xyz/settings/api-keys.', 'type': 'invalid_request_error', 'param': None, 'code': 'invalid_api_key'}}
ERROR:root:Attempt 84 failed: Error code: 401 - {'id': 'nvc4CUj-3NKUce-945e713a1d274709', 'error': {'message': 'Invalid API key provided. You can find your API key at https://api.together.xyz/settings/api-keys.', 'type': 'invalid_request_error', 'param': None, 'code': 'invalid_api_key'}}
ERROR:root:Attempt 85 failed: Error code: 401 - {'id': 'nvc4Cd8-4Yz4kd-945e713c8eff0a9d', 'error': {'message': 'Invalid API key provided. You can find your API key at https://api.together.xyz/settings/api-keys.', 'type': 'invalid_request_error', 'param': None, 'code': 'invalid_api_key'}}
ERROR:root:Attempt 86 failed: Error code: 401 - {'id': 'nvc4Coy-3NKUce-945e7140bec10b9e', 'error': {'message': 'Invalid API key provided. You can find your API key at https://api.together.xyz/settings/api-keys.', 'type': 'invalid_request_error', 'param': None, 'code': 'invalid_api_key'}}
ERROR:root:Attempt 87 failed: Error code: 401 - {'id': 'nvc4CqQ-4Yz4kd-945e71431ea75f3b', 'error': {'message': 'Invalid API key provided. You can find your API key at https://api.together.xyz/settings/api-keys.', 'type': 'invalid_request_error', 'param': None, 'code': 'invalid_api_key'}}
ERROR:root:Attempt 88 failed: Error code: 401 - {'id': 'nvc4Cwu-4Yz4kd-945e714578d44ac0', 'error': {'message': 'Invalid API key provided. You can find your API key at https://api.together.xyz/settings/api-keys.', 'type': 'invalid_request_error', 'param': None, 'code': 'invalid_api_key'}}
ERROR:root:Attempt 89 failed: Error code: 401 - {'id': 'nvc4D3r-4Yz4kd-945e7147bb254667', 'error': {'message': 'Invalid API key provided. You can find your API key at https://api.together.xyz/settings/api-keys.', 'type': 'invalid_request_error', 'param': None, 'code': 'invalid_api_key'}}
ERROR:root:Attempt 90 failed: Error code: 401 - {'id': 'nvc4DK8-3NKUce-945e7149d8219fb6', 'error': {'message': 'Invalid API key provided. You can find your API key at https://api.together.xyz/settings/api-keys.', 'type': 'invalid_request_error', 'param': None, 'code': 'invalid_api_key'}}
ERROR:root:Attempt 91 failed: Error code: 401 - {'id': 'nvc4DRZ-3NKUce-945e714d687afdcb', 'error': {'message': 'Invalid API key provided. You can find your API key at https://api.together.xyz/settings/api-keys.', 'type': 'invalid_request_error', 'param': None, 'code': 'invalid_api_key'}}
ERROR:root:Attempt 92 failed: Error code: 401 - {'id': 'nvc4Dep-4Yz4kd-945e7150d8cffdac', 'error': {'message': 'Invalid API key provided. You can find your API key at https://api.together.xyz/settings/api-keys.', 'type': 'invalid_request_error', 'param': None, 'code': 'invalid_api_key'}}
ERROR:root:Attempt 93 failed: Error code: 401 - {'id': 'nvc4E1M-3NKUce-945e71565f1ffdfb', 'error': {'message': 'Invalid API key provided. You can find your API key at https://api.together.xyz/settings/api-keys.', 'type': 'invalid_request_error', 'param': None, 'code': 'invalid_api_key'}}
ERROR:root:Attempt 94 failed: Error code: 401 - {'id': 'nvc4E3i-4Yz4kd-945e715b39b2fd39', 'error': {'message': 'Invalid API key provided. You can find your API key at https://api.together.xyz/settings/api-keys.', 'type': 'invalid_request_error', 'param': None, 'code': 'invalid_api_key'}}
ERROR:root:Attempt 95 failed: Error code: 401 - {'id': 'nvc4E9B-4Yz4kd-945e715eb831933e', 'error': {'message': 'Invalid API key provided. You can find your API key at https://api.together.xyz/settings/api-keys.', 'type': 'invalid_request_error', 'param': None, 'code': 'invalid_api_key'}}
ERROR:root:Attempt 96 failed: Error code: 401 - {'id': 'nvc4EM1-3NKUce-945e7160abc53feb', 'error': {'message': 'Invalid API key provided. You can find your API key at https://api.together.xyz/settings/api-keys.', 'type': 'invalid_request_error', 'param': None, 'code': 'invalid_api_key'}}
ERROR:root:Attempt 97 failed: Error code: 401 - {'id': 'nvc4ETA-3NKUce-945e7163197cfd0b', 'error': {'message': 'Invalid API key provided. You can find your API key at https://api.together.xyz/settings/api-keys.', 'type': 'invalid_request_error', 'param': None, 'code': 'invalid_api_key'}}
ERROR:root:Attempt 98 failed: Error code: 401 - {'id': 'nvc4ETY-4Yz4kd-945e71654e1e9b9d', 'error': {'message': 'Invalid API key provided. You can find your API key at https://api.together.xyz/settings/api-keys.', 'type': 'invalid_request_error', 'param': None, 'code': 'invalid_api_key'}}
ERROR:root:Attempt 99 failed: Error code: 401 - {'id': 'nvc4EXz-3NKUce-945e71675927fce3', 'error': {'message': 'Invalid API key provided. You can find your API key at https://api.together.xyz/settings/api-keys.', 'type': 'invalid_request_error', 'param': None, 'code': 'invalid_api_key'}}
ERROR:root:Attempt 100 failed: Error code: 401 - {'id': 'nvc4EnF-3NKUce-945e7169cb0dfd61', 'error': {'message': 'Invalid API key provided. You can find your API key at https://api.together.xyz/settings/api-keys.', 'type': 'invalid_request_error', 'param': None, 'code': 'invalid_api_key'}}
0it [20:16, ?it/s]

Attempt 82 failed: Error code: 401 - {'id': 'nvc3RWt-4Yz4kd-945e6d8a3801ce19', 'error': {'message': 'Invalid API key provided. You can find your API key at https://api.together.xyz/settings/api-keys.', 'type': 'invalid_request_error', 'param': None, 'code': 'invalid_api_key'}}
Attempt 83 failed: Error code: 401 - {'id': 'nvc3TKW-4Yz4kd-945e6db018d98bc5', 'error': {'message': 'Invalid API key provided. You can find your API key at https://api.together.xyz/settings/api-keys.', 'type': 'invalid_request_error', 'param': None, 'code': 'invalid_api_key'}}
Attempt 84 failed: Error code: 401 - {'id': 'nvc3V7u-4Yz4kd-945e6dd5f9c33231', 'error': {'message': 'Invalid API key provided. You can find your API key at https://api.together.xyz/settings/api-keys.', 'type': 'invalid_request_error', 'param': None, 'code': 'invalid_api_key'}}
Attempt 85 failed: Error code: 401 - {'id': 'nvc3XDh-3NKUce-945e6dfbeac65627', 'error': {'message': 'Invalid API key provided. You can find your API key at https://api.together.xyz/settings/api-keys.', 'type': 'invalid_request_error', 'param': None, 'code': 'invalid_api_key'}}
Attempt 86 failed: Error code: 401 - {'id': 'nvc3ZF5-3NKUce-945e6e27ea513e08', 'error': {'message': 'Invalid API key provided. You can find your API key at https://api.together.xyz/settings/api-keys.', 'type': 'invalid_request_error', 'param': None, 'code': 'invalid_api_key'}}
Attempt 87 failed: Error code: 401 - {'id': 'nvc3avD-3NKUce-945e6e4dcb6ace5d', 'error': {'message': 'Invalid API key provided. You can find your API key at https://api.together.xyz/settings/api-keys.', 'type': 'invalid_request_error', 'param': None, 'code': 'invalid_api_key'}}
Attempt 88 failed: Error code: 401 - {'id': 'nvc3d19-3NKUce-945e6e73ea4e40f5', 'error': {'message': 'Invalid API key provided. You can find your API key at https://api.together.xyz/settings/api-keys.', 'type': 'invalid_request_error', 'param': None, 'code': 'invalid_api_key'}}
Attempt 89 failed: Error code: 401 - {'id': 'nvc3erX-3NKUce-945e6e9e2a8a9c6e', 'error': {'message': 'Invalid API key provided. You can find your API key at https://api.together.xyz/settings/api-keys.', 'type': 'invalid_request_error', 'param': None, 'code': 'invalid_api_key'}}
Attempt 90 failed: Error code: 401 - {'id': 'nvc3gmk-3NKUce-945e6ec56d18dfb7', 'error': {'message': 'Invalid API key provided. You can find your API key at https://api.together.xyz/settings/api-keys.', 'type': 'invalid_request_error', 'param': None, 'code': 'invalid_api_key'}}
Attempt 91 failed: Error code: 401 - {'id': 'nvc3io4-3NKUce-945e6eef3db8f8fc', 'error': {'message': 'Invalid API key provided. You can find your API key at https://api.together.xyz/settings/api-keys.', 'type': 'invalid_request_error', 'param': None, 'code': 'invalid_api_key'}}
Attempt 92 failed: Error code: 401 - {'id': 'nvc3kgZ-3NKUce-945e6f17ee935f5e', 'error': {'message': 'Invalid API key provided. You can find your API key at https://api.together.xyz/settings/api-keys.', 'type': 'invalid_request_error', 'param': None, 'code': 'invalid_api_key'}}
Attempt 93 failed: Error code: 401 - {'id': 'nvc3nXx-3NKUce-945e6f3f0b2cfdab', 'error': {'message': 'Invalid API key provided. You can find your API key at https://api.together.xyz/settings/api-keys.', 'type': 'invalid_request_error', 'param': None, 'code': 'invalid_api_key'}}
Attempt 94 failed: Error code: 401 - {'id': 'nvc3pLP-3NKUce-945e6f666b490d49', 'error': {'message': 'Invalid API key provided. You can find your API key at https://api.together.xyz/settings/api-keys.', 'type': 'invalid_request_error', 'param': None, 'code': 'invalid_api_key'}}
Attempt 95 failed: Error code: 401 - {'id': 'nvc3r9p-3NKUce-945e6f8c7c4e3912', 'error': {'message': 'Invalid API key provided. You can find your API key at https://api.together.xyz/settings/api-keys.', 'type': 'invalid_request_error', 'param': None, 'code': 'invalid_api_key'}}
Attempt 96 failed: Error code: 401 - {'id': 'nvc3t2z-3NKUce-945e6fb44b005ce7', 'error': {'message': 'Invalid API key provided. You can find your API key at https://api.together.xyz/settings/api-keys.', 'type': 'invalid_request_error', 'param': None, 'code': 'invalid_api_key'}}
Attempt 97 failed: Error code: 401 - {'id': 'nvc3uqe-3NKUce-945e6fda4dc04dbc', 'error': {'message': 'Invalid API key provided. You can find your API key at https://api.together.xyz/settings/api-keys.', 'type': 'invalid_request_error', 'param': None, 'code': 'invalid_api_key'}}
Attempt 98 failed: Error code: 401 - {'id': 'nvc3wfc-3NKUce-945e70004cd03f76', 'error': {'message': 'Invalid API key provided. You can find your API key at https://api.together.xyz/settings/api-keys.', 'type': 'invalid_request_error', 'param': None, 'code': 'invalid_api_key'}}
Attempt 99 failed: Error code: 401 - {'id': 'nvc3yLb-4Yz4kd-945e70261c937973', 'error': {'message': 'Invalid API key provided. You can find your API key at https://api.together.xyz/settings/api-keys.', 'type': 'invalid_request_error', 'param': None, 'code': 'invalid_api_key'}}
Attempt 100 failed: Error code: 401 - {'id': 'nvc41Fe-4Yz4kd-945e704d1fb49f92', 'error': {'message': 'Invalid API key provided. You can find your API key at https://api.together.xyz/settings/api-keys.', 'type': 'invalid_request_error', 'param': None, 'code': 'invalid_api_key'}}
All retries failed, returning fallback response
None
Done re-ranking
Traceback (most recent call last):
  File "/home/dat/workspace/LargeLanguageModelsForCRS-RetrivalAndReranking/main.py", line 213, in <module>
    evaluate(
  File "/home/dat/workspace/LargeLanguageModelsForCRS-RetrivalAndReranking/evaluating/output_eval.py", line 105, in evaluate
    ranked_movies = [standardize_movie_title(m) for m in re_ranked_list["movie_list"] if m.strip()]
                                                         ~~~~~~~~~~~~~~^^^^^^^^^^^^^^
TypeError: 'NoneType' object is not subscriptable
